00:29:18.418 INFO  accelarators.Base -setup -BEFORE CLASS EXECUTION STARTED SUCCESSFULLY
00:29:18.425 INFO  utilities.ConfigProperties -loadFrom -INTEND TO LOAD USER CONFIGURATION PARAMETERS FROM PROPERTIES FILE
00:29:18.426 INFO  accelarators.Base -notEmpty -INTENDED TO CHECK IF THE STRING IS EMPTY
00:29:18.426 INFO  accelarators.Base -notEmpty -STRING IS NOT EMPTY
00:29:18.426 INFO  accelarators.Base -notEmpty -SUCCESSFULLY CHECKED IF THE STRING IS EMPTY
00:29:18.426 INFO  accelarators.Base -formatGiven -INTENDED TO CHECK IF THE FILE NAME HAS THE FILE EXTENSION
00:29:18.426 INFO  accelarators.Base -formatGiven -FILE FORMAT IS PROVIDED WITH THE FILE NAME(config.properties)
00:29:18.426 INFO  accelarators.Base -formatGiven -SUCCESSFULLY CHECKED IF THE FILE NAME HAS THE FILE EXTENSION
00:29:18.427 INFO  accelarators.Base -getFileFormat -INTENDED TO RETRIEVE THE FORMAT OF THE FILE
00:29:18.427 INFO  accelarators.Base -getFileFormat -SUCCESSFULLY GOT THE FILE FORMAT(.properties) FROM THE FILE NAME(config.properties)

00:29:18.427 INFO  accelarators.Base -getFileFormat -SUCCESSFULLY RETRIEVED THE FORMAT OF THE FILE
00:29:18.427 INFO  accelarators.Base -fileFormatIs -INTENDED TO CHECK IF THE FILE BELONGS TO THE GIVEN FORMAT
00:29:18.427 INFO  accelarators.Base -fileFormatIs -EXPECTED AND ACTUAL FILE FORMATS ARE THE SAME
00:29:18.427 INFO  accelarators.Base -fileFormatIs -SUCCESSFULLY CHECKED IF THE FILE BELONGS TO THE GIVEN FORMAT
00:29:18.428 INFO  accelarators.Base -createFileInstance -INTENDED TO CREATE THE FILE INSTANCE
00:29:18.428 INFO  accelarators.Base -createFileInstance -FILE INSTANCE CREATED
00:29:18.428 INFO  accelarators.Base -createFileInstance -SUCCESSFULLY CREATED THE FILE INSTANCE
00:29:18.428 INFO  accelarators.Base -readFile -INTENDED TO READ THE GIVEN FILE
00:29:18.428 INFO  accelarators.Base -readFile -SUCCESSFULLY READ THE FILE(C:\workspace\AutomationPoC\src\test\resources\config.properties) SPECIFIED
00:29:18.428 INFO  accelarators.Base -readFile -READING THE FILE IS SUCCESSFUL
00:29:18.428 INFO  utilities.ConfigProperties -createPropertiesInstance -INTEND TO CREATE AN INSTANCE OF PROPERTIES
00:29:18.429 INFO  utilities.ConfigProperties -createPropertiesInstance -AN INSTANCE OF PROPERTIES CLASS CREATED
00:29:18.429 INFO  utilities.ConfigProperties -createPropertiesInstance -SUCCESSFULLY CREATED AN INSTANCE OF PROPERTIES
00:29:18.429 INFO  utilities.ConfigProperties -loadProperties -INTEND TO LOAD PROPERTIES
00:29:18.429 INFO  utilities.ConfigProperties -loadProperties -SUCCESSFULLY LOADED THE PROPERTY FILE
00:29:18.429 INFO  utilities.ConfigProperties -loadProperties -SUCCESSFULLY LOADED PROPERTIES
00:29:18.429 INFO  utilities.ConfigProperties -loadFrom -SUCCESSFULLY LOADED USER CONFIGURATION PARAMETERS FROM PROPERTY FILE(config.properties) UNDER THE LOCATION(C:\workspace\AutomationPoC\src\test\resources\)
00:29:18.430 INFO  accelarators.Base -setup -creating folders for screen shots
00:29:18.443 INFO  utilities.Report -initialize -INTEND TO CREATE AN INSTANCE OF EXTENT REPORT WITH NAME AND APPEND STATUS
00:29:18.443 INFO  utilities.Report -initializeHTML -INTEND TO INITIALIZE AN HTML REPORT
00:29:18.443 INFO  accelarators.Base -notEmpty -INTENDED TO CHECK IF THE STRING IS EMPTY
00:29:18.444 INFO  accelarators.Base -notEmpty -STRING IS NOT EMPTY
00:29:18.444 INFO  accelarators.Base -notEmpty -SUCCESSFULLY CHECKED IF THE STRING IS EMPTY
00:29:18.444 INFO  accelarators.Base -formatGiven -INTENDED TO CHECK IF THE FILE NAME HAS THE FILE EXTENSION
00:29:18.444 INFO  accelarators.Base -formatGiven -FILE FORMAT IS PROVIDED WITH THE FILE NAME(LMA_TestExecution_Report.html)
00:29:18.444 INFO  accelarators.Base -formatGiven -SUCCESSFULLY CHECKED IF THE FILE NAME HAS THE FILE EXTENSION
00:29:18.444 INFO  accelarators.Base -getFileFormat -INTENDED TO RETRIEVE THE FORMAT OF THE FILE
00:29:18.444 INFO  accelarators.Base -getFileFormat -SUCCESSFULLY GOT THE FILE FORMAT(.html) FROM THE FILE NAME(LMA_TestExecution_Report.html)

00:29:18.444 INFO  accelarators.Base -getFileFormat -SUCCESSFULLY RETRIEVED THE FORMAT OF THE FILE
00:29:18.445 INFO  accelarators.Base -fileFormatIs -INTENDED TO CHECK IF THE FILE BELONGS TO THE GIVEN FORMAT
00:29:18.445 INFO  accelarators.Base -fileFormatIs -EXPECTED AND ACTUAL FILE FORMATS ARE THE SAME
00:29:18.445 INFO  accelarators.Base -fileFormatIs -SUCCESSFULLY CHECKED IF THE FILE BELONGS TO THE GIVEN FORMAT
00:29:18.445 INFO  utilities.Report -createInstanceOfHTMLReport -INTEND TO CREATE AN INSTANCE OF HTML REPORT WITH NAME
00:29:18.490 INFO  utilities.Report -createInstanceOfHTMLReport -SUCCESSFULLY CREATED AN INSTANCE OF HTML REPORT WITH NAME(LMA_TestExecution_Report.html)
00:29:18.490 INFO  utilities.Report -appendToExistingReport -INTED TO ADD THE CONTENTS TO EXTENT REPORT BASED ON THE APPEND STATUS
00:29:18.490 INFO  utilities.Report -appendToExistingReport -CONTENTS ARE ADDED TO EXTENT REPORT BASED ON THE APPEND STATUS(false)
00:29:18.490 INFO  utilities.Report -setHTMLReportName -INTEND TO SET A NAME FOR THE HTML REPORT 
00:29:18.490 INFO  utilities.Report -setHTMLReportName -HTML REPORT NAME(Test Case Summary) WAS SET SUCCESSFULLY
00:29:18.491 INFO  utilities.Report -setHTMLReportTheme -INTEND TO SET A THEME FOR THE HTML REPORT 
00:29:18.491 INFO  utilities.Report -setHTMLReportTheme -HTML REPORT THEME WAS SET SUCCESSFULLY
00:29:18.491 INFO  utilities.Report -initializeHTML -SUCCESSFULLY INITIALIZED AN HTML REPORT(LMA_TestExecution_Report.html)
00:29:18.491 INFO  utilities.Report -createInstanceOfExtentReport -INTEND TO CREATE AN INSTANCE OF EXTENT REPORT
00:29:18.495 INFO  utilities.Report -createInstanceOfExtentReport -SUCCESSFULLY CREATED AN INSTANCE OF EXTENT REPORT
00:29:18.495 INFO  utilities.Report -attachHTMLReport -INTEND TO ATTACH HTML REPORT TO EXTENT REPORT
00:29:18.570 INFO  utilities.Report -attachHTMLReport -SUCCESSFULLY ATTACHED HTML REPORT TO EXTENT REPORT
00:29:18.570 INFO  utilities.Report -initialize -SUCCESSFULLY CREATED AN INSTANCE OF EXTENT REPORT WITH NAME(LMA_TestExecution_Report.html) AND APPEND STATUS(false)
00:29:18.570 INFO  utilities.Report -recordSystemInfo -INTEND TO ADD SYSTEM INFORMATION IN EXTENT REPORT
00:29:18.571 INFO  utilities.Report -recordSystemInfo -SUCCESSFULLY ADDED SYSTEM INFORMATION(Operating System : Windows 7 - 64 bit) IN EXTENT REPORT
00:29:18.571 INFO  utilities.Report -recordSystemInfo -INTEND TO ADD SYSTEM INFORMATION IN EXTENT REPORT
00:29:18.571 INFO  utilities.Report -recordSystemInfo -SUCCESSFULLY ADDED SYSTEM INFORMATION(Java : Java 1.8) IN EXTENT REPORT
00:29:18.571 INFO  utilities.Report -recordSystemInfo -INTEND TO ADD SYSTEM INFORMATION IN EXTENT REPORT
00:29:18.571 INFO  utilities.Report -recordSystemInfo -SUCCESSFULLY ADDED SYSTEM INFORMATION(Selenium Version : Selenium 3.3.4) IN EXTENT REPORT
00:29:18.571 INFO  accelarators.Base -setup -BEFORE CLASS EXECUTED SUCCESSFULLY
00:29:18.575 INFO  utilities.DataProviderRepository -dataProviderMethod -INTEND TO READ THE TEST DATA USING DATAPROVIDER FROM EXCEL WORKBOOK
00:29:18.581 INFO  utilities.Excel -getTestDataAsTwoDimesionalObjectArray -INTEND TO READ THE TEST DATA AS TWO DIMENSIONAL OBJECT ARRAY
00:29:18.581 INFO  utilities.Excel -getToSheet -INTEND TO READ THE SPECIFIED EXCEL SHEET
00:29:18.581 INFO  utilities.Excel -getToFile -INTEND TO READ THE SPECIFIED EXCEL FILE
00:29:18.581 INFO  accelarators.Base -notEmpty -INTENDED TO CHECK IF THE STRING IS EMPTY
00:29:18.582 INFO  accelarators.Base -notEmpty -STRING IS NOT EMPTY
00:29:18.582 INFO  accelarators.Base -notEmpty -SUCCESSFULLY CHECKED IF THE STRING IS EMPTY
00:29:18.582 INFO  accelarators.Base -formatGiven -INTENDED TO CHECK IF THE FILE NAME HAS THE FILE EXTENSION
00:29:18.582 INFO  accelarators.Base -formatGiven -FILE FORMAT IS PROVIDED WITH THE FILE NAME(LmaTestData.xlsx)
00:29:18.582 INFO  accelarators.Base -formatGiven -SUCCESSFULLY CHECKED IF THE FILE NAME HAS THE FILE EXTENSION
00:29:18.582 INFO  accelarators.Base -getFileFormat -INTENDED TO RETRIEVE THE FORMAT OF THE FILE
00:29:18.582 INFO  accelarators.Base -getFileFormat -SUCCESSFULLY GOT THE FILE FORMAT(.xlsx) FROM THE FILE NAME(LmaTestData.xlsx)

00:29:18.582 INFO  accelarators.Base -getFileFormat -SUCCESSFULLY RETRIEVED THE FORMAT OF THE FILE
00:29:18.582 INFO  accelarators.Base -fileFormatIs -INTENDED TO CHECK IF THE FILE BELONGS TO THE GIVEN FORMAT
00:29:18.583 INFO  accelarators.Base -fileFormatIs -EXPECTED AND ACTUAL FILE FORMATS ARE THE SAME
00:29:18.583 INFO  accelarators.Base -fileFormatIs -SUCCESSFULLY CHECKED IF THE FILE BELONGS TO THE GIVEN FORMAT
00:29:18.583 INFO  accelarators.Base -createFileInstance -INTENDED TO CREATE THE FILE INSTANCE
00:29:18.583 INFO  accelarators.Base -createFileInstance -FILE INSTANCE CREATED
00:29:18.583 INFO  accelarators.Base -createFileInstance -SUCCESSFULLY CREATED THE FILE INSTANCE
00:29:18.583 INFO  accelarators.Base -readFile -INTENDED TO READ THE GIVEN FILE
00:29:18.584 ERROR accelarators.Base -readFile -UNABLE TO READ THE FILE(C:\workspace\AutomationPoC\TestData\LmaTestData.xlsx) SPECIFIED, PLEASE CHECK NAME OR LOCATION OR EXTENSION
00:29:18.584 ERROR utilities.Excel -getToFile -UNABLE TO READ THE EXCEL FILE(LmaTestData.xlsx)
UNABLE TO READ THE FILE(C:\workspace\AutomationPoC\TestData\LmaTestData.xlsx) SPECIFIED, PLEASE CHECK NAME OR LOCATION OR EXTENSION

00:29:18.584 ERROR utilities.Excel -getToSheet -UNABLE TO READ THE EXCEL SHEET(LmaData)
UNABLE TO READ THE EXCEL FILE(LmaTestData.xlsx)
UNABLE TO READ THE FILE(C:\workspace\AutomationPoC\TestData\LmaTestData.xlsx) SPECIFIED, PLEASE CHECK NAME OR LOCATION OR EXTENSION


00:29:18.584 ERROR utilities.Excel -getTestDataAsTwoDimesionalObjectArray -UNABLE TO READ THE TEST DATA AS TWO DIMENSION OBJECT ARRAY FROM EXCEL SHEET(LmaData) INSIDE EXCEL FILE(LmaTestData.xlsx)
UNABLE TO READ THE EXCEL SHEET(LmaData)
UNABLE TO READ THE EXCEL FILE(LmaTestData.xlsx)
UNABLE TO READ THE FILE(C:\workspace\AutomationPoC\TestData\LmaTestData.xlsx) SPECIFIED, PLEASE CHECK NAME OR LOCATION OR EXTENSION



00:29:18.584 ERROR utilities.DataProviderRepository -dataProviderMethod -UNABLE TO READ THE TEST DATA AS TWO DIMENSION OBJECT ARRAY FROM EXCEL SHEET(LmaData) INSIDE EXCEL FILE(LmaTestData.xlsx)
UNABLE TO READ THE EXCEL SHEET(LmaData)
UNABLE TO READ THE EXCEL FILE(LmaTestData.xlsx)
UNABLE TO READ THE FILE(C:\workspace\AutomationPoC\TestData\LmaTestData.xlsx) SPECIFIED, PLEASE CHECK NAME OR LOCATION OR EXTENSION




00:29:18.591 INFO  accelarators.Base -close -Start of Executing AfterClass method name: close() 
00:29:18.594 INFO  accelarators.Base -close -End of Executing after class stuff
00:29:18.594 INFO  accelarators.Base -close -End of Executing AfterClass method name: close() 
00:33:31.031 INFO  accelarators.Base -setup -BEFORE CLASS EXECUTION STARTED SUCCESSFULLY
00:33:31.035 INFO  utilities.ConfigProperties -loadFrom -INTEND TO LOAD USER CONFIGURATION PARAMETERS FROM PROPERTIES FILE
00:33:31.036 INFO  accelarators.Base -notEmpty -INTENDED TO CHECK IF THE STRING IS EMPTY
00:33:31.036 INFO  accelarators.Base -notEmpty -STRING IS NOT EMPTY
00:33:31.036 INFO  accelarators.Base -notEmpty -SUCCESSFULLY CHECKED IF THE STRING IS EMPTY
00:33:31.036 INFO  accelarators.Base -formatGiven -INTENDED TO CHECK IF THE FILE NAME HAS THE FILE EXTENSION
00:33:31.036 INFO  accelarators.Base -formatGiven -FILE FORMAT IS PROVIDED WITH THE FILE NAME(config.properties)
00:33:31.036 INFO  accelarators.Base -formatGiven -SUCCESSFULLY CHECKED IF THE FILE NAME HAS THE FILE EXTENSION
00:33:31.036 INFO  accelarators.Base -getFileFormat -INTENDED TO RETRIEVE THE FORMAT OF THE FILE
00:33:31.037 INFO  accelarators.Base -getFileFormat -SUCCESSFULLY GOT THE FILE FORMAT(.properties) FROM THE FILE NAME(config.properties)

00:33:31.037 INFO  accelarators.Base -getFileFormat -SUCCESSFULLY RETRIEVED THE FORMAT OF THE FILE
00:33:31.037 INFO  accelarators.Base -fileFormatIs -INTENDED TO CHECK IF THE FILE BELONGS TO THE GIVEN FORMAT
00:33:31.037 INFO  accelarators.Base -fileFormatIs -EXPECTED AND ACTUAL FILE FORMATS ARE THE SAME
00:33:31.037 INFO  accelarators.Base -fileFormatIs -SUCCESSFULLY CHECKED IF THE FILE BELONGS TO THE GIVEN FORMAT
00:33:31.037 INFO  accelarators.Base -createFileInstance -INTENDED TO CREATE THE FILE INSTANCE
00:33:31.037 INFO  accelarators.Base -createFileInstance -FILE INSTANCE CREATED
00:33:31.037 INFO  accelarators.Base -createFileInstance -SUCCESSFULLY CREATED THE FILE INSTANCE
00:33:31.037 INFO  accelarators.Base -readFile -INTENDED TO READ THE GIVEN FILE
00:33:31.038 INFO  accelarators.Base -readFile -SUCCESSFULLY READ THE FILE(C:\workspace\AutomationPoC\src\test\resources\config.properties) SPECIFIED
00:33:31.038 INFO  accelarators.Base -readFile -READING THE FILE IS SUCCESSFUL
00:33:31.038 INFO  utilities.ConfigProperties -createPropertiesInstance -INTEND TO CREATE AN INSTANCE OF PROPERTIES
00:33:31.038 INFO  utilities.ConfigProperties -createPropertiesInstance -AN INSTANCE OF PROPERTIES CLASS CREATED
00:33:31.038 INFO  utilities.ConfigProperties -createPropertiesInstance -SUCCESSFULLY CREATED AN INSTANCE OF PROPERTIES
00:33:31.038 INFO  utilities.ConfigProperties -loadProperties -INTEND TO LOAD PROPERTIES
00:33:31.039 INFO  utilities.ConfigProperties -loadProperties -SUCCESSFULLY LOADED THE PROPERTY FILE
00:33:31.039 INFO  utilities.ConfigProperties -loadProperties -SUCCESSFULLY LOADED PROPERTIES
00:33:31.039 INFO  utilities.ConfigProperties -loadFrom -SUCCESSFULLY LOADED USER CONFIGURATION PARAMETERS FROM PROPERTY FILE(config.properties) UNDER THE LOCATION(C:\workspace\AutomationPoC\src\test\resources\)
00:33:31.039 INFO  accelarators.Base -setup -creating folders for screen shots
00:33:31.050 INFO  utilities.Report -initialize -INTEND TO CREATE AN INSTANCE OF EXTENT REPORT WITH NAME AND APPEND STATUS
00:33:31.050 INFO  utilities.Report -initializeHTML -INTEND TO INITIALIZE AN HTML REPORT
00:33:31.050 INFO  accelarators.Base -notEmpty -INTENDED TO CHECK IF THE STRING IS EMPTY
00:33:31.050 INFO  accelarators.Base -notEmpty -STRING IS NOT EMPTY
00:33:31.050 INFO  accelarators.Base -notEmpty -SUCCESSFULLY CHECKED IF THE STRING IS EMPTY
00:33:31.050 INFO  accelarators.Base -formatGiven -INTENDED TO CHECK IF THE FILE NAME HAS THE FILE EXTENSION
00:33:31.050 INFO  accelarators.Base -formatGiven -FILE FORMAT IS PROVIDED WITH THE FILE NAME(LMA_TestExecution_Report.html)
00:33:31.051 INFO  accelarators.Base -formatGiven -SUCCESSFULLY CHECKED IF THE FILE NAME HAS THE FILE EXTENSION
00:33:31.051 INFO  accelarators.Base -getFileFormat -INTENDED TO RETRIEVE THE FORMAT OF THE FILE
00:33:31.051 INFO  accelarators.Base -getFileFormat -SUCCESSFULLY GOT THE FILE FORMAT(.html) FROM THE FILE NAME(LMA_TestExecution_Report.html)

00:33:31.051 INFO  accelarators.Base -getFileFormat -SUCCESSFULLY RETRIEVED THE FORMAT OF THE FILE
00:33:31.051 INFO  accelarators.Base -fileFormatIs -INTENDED TO CHECK IF THE FILE BELONGS TO THE GIVEN FORMAT
00:33:31.051 INFO  accelarators.Base -fileFormatIs -EXPECTED AND ACTUAL FILE FORMATS ARE THE SAME
00:33:31.051 INFO  accelarators.Base -fileFormatIs -SUCCESSFULLY CHECKED IF THE FILE BELONGS TO THE GIVEN FORMAT
00:33:31.051 INFO  utilities.Report -createInstanceOfHTMLReport -INTEND TO CREATE AN INSTANCE OF HTML REPORT WITH NAME
00:33:31.097 INFO  utilities.Report -createInstanceOfHTMLReport -SUCCESSFULLY CREATED AN INSTANCE OF HTML REPORT WITH NAME(LMA_TestExecution_Report.html)
00:33:31.097 INFO  utilities.Report -appendToExistingReport -INTED TO ADD THE CONTENTS TO EXTENT REPORT BASED ON THE APPEND STATUS
00:33:31.097 INFO  utilities.Report -appendToExistingReport -CONTENTS ARE ADDED TO EXTENT REPORT BASED ON THE APPEND STATUS(false)
00:33:31.098 INFO  utilities.Report -setHTMLReportName -INTEND TO SET A NAME FOR THE HTML REPORT 
00:33:31.098 INFO  utilities.Report -setHTMLReportName -HTML REPORT NAME(Test Case Summary) WAS SET SUCCESSFULLY
00:33:31.098 INFO  utilities.Report -setHTMLReportTheme -INTEND TO SET A THEME FOR THE HTML REPORT 
00:33:31.098 INFO  utilities.Report -setHTMLReportTheme -HTML REPORT THEME WAS SET SUCCESSFULLY
00:33:31.099 INFO  utilities.Report -initializeHTML -SUCCESSFULLY INITIALIZED AN HTML REPORT(LMA_TestExecution_Report.html)
00:33:31.099 INFO  utilities.Report -createInstanceOfExtentReport -INTEND TO CREATE AN INSTANCE OF EXTENT REPORT
00:33:31.103 INFO  utilities.Report -createInstanceOfExtentReport -SUCCESSFULLY CREATED AN INSTANCE OF EXTENT REPORT
00:33:31.103 INFO  utilities.Report -attachHTMLReport -INTEND TO ATTACH HTML REPORT TO EXTENT REPORT
00:33:31.170 INFO  utilities.Report -attachHTMLReport -SUCCESSFULLY ATTACHED HTML REPORT TO EXTENT REPORT
00:33:31.171 INFO  utilities.Report -initialize -SUCCESSFULLY CREATED AN INSTANCE OF EXTENT REPORT WITH NAME(LMA_TestExecution_Report.html) AND APPEND STATUS(false)
00:33:31.171 INFO  utilities.Report -recordSystemInfo -INTEND TO ADD SYSTEM INFORMATION IN EXTENT REPORT
00:33:31.171 INFO  utilities.Report -recordSystemInfo -SUCCESSFULLY ADDED SYSTEM INFORMATION(Operating System : Windows 7 - 64 bit) IN EXTENT REPORT
00:33:31.171 INFO  utilities.Report -recordSystemInfo -INTEND TO ADD SYSTEM INFORMATION IN EXTENT REPORT
00:33:31.171 INFO  utilities.Report -recordSystemInfo -SUCCESSFULLY ADDED SYSTEM INFORMATION(Java : Java 1.8) IN EXTENT REPORT
00:33:31.172 INFO  utilities.Report -recordSystemInfo -INTEND TO ADD SYSTEM INFORMATION IN EXTENT REPORT
00:33:31.172 INFO  utilities.Report -recordSystemInfo -SUCCESSFULLY ADDED SYSTEM INFORMATION(Selenium Version : Selenium 3.3.4) IN EXTENT REPORT
00:33:31.172 INFO  accelarators.Base -setup -BEFORE CLASS EXECUTED SUCCESSFULLY
00:33:31.175 INFO  utilities.DataProviderRepository -dataProviderMethod -INTEND TO READ THE TEST DATA USING DATAPROVIDER FROM EXCEL WORKBOOK
00:33:31.178 INFO  utilities.Excel -getTestDataAsTwoDimesionalObjectArray -INTEND TO READ THE TEST DATA AS TWO DIMENSIONAL OBJECT ARRAY
00:33:31.178 INFO  utilities.Excel -getToSheet -INTEND TO READ THE SPECIFIED EXCEL SHEET
00:33:31.178 INFO  utilities.Excel -getToFile -INTEND TO READ THE SPECIFIED EXCEL FILE
00:33:31.178 INFO  accelarators.Base -notEmpty -INTENDED TO CHECK IF THE STRING IS EMPTY
00:33:31.178 INFO  accelarators.Base -notEmpty -STRING IS NOT EMPTY
00:33:31.178 INFO  accelarators.Base -notEmpty -SUCCESSFULLY CHECKED IF THE STRING IS EMPTY
00:33:31.179 INFO  accelarators.Base -formatGiven -INTENDED TO CHECK IF THE FILE NAME HAS THE FILE EXTENSION
00:33:31.179 INFO  accelarators.Base -formatGiven -FILE FORMAT IS PROVIDED WITH THE FILE NAME(LmaTestData.xlsx)
00:33:31.179 INFO  accelarators.Base -formatGiven -SUCCESSFULLY CHECKED IF THE FILE NAME HAS THE FILE EXTENSION
00:33:31.179 INFO  accelarators.Base -getFileFormat -INTENDED TO RETRIEVE THE FORMAT OF THE FILE
00:33:31.179 INFO  accelarators.Base -getFileFormat -SUCCESSFULLY GOT THE FILE FORMAT(.xlsx) FROM THE FILE NAME(LmaTestData.xlsx)

00:33:31.179 INFO  accelarators.Base -getFileFormat -SUCCESSFULLY RETRIEVED THE FORMAT OF THE FILE
00:33:31.179 INFO  accelarators.Base -fileFormatIs -INTENDED TO CHECK IF THE FILE BELONGS TO THE GIVEN FORMAT
00:33:31.179 INFO  accelarators.Base -fileFormatIs -EXPECTED AND ACTUAL FILE FORMATS ARE THE SAME
00:33:31.179 INFO  accelarators.Base -fileFormatIs -SUCCESSFULLY CHECKED IF THE FILE BELONGS TO THE GIVEN FORMAT
00:33:31.180 INFO  accelarators.Base -createFileInstance -INTENDED TO CREATE THE FILE INSTANCE
00:33:31.180 INFO  accelarators.Base -createFileInstance -FILE INSTANCE CREATED
00:33:31.180 INFO  accelarators.Base -createFileInstance -SUCCESSFULLY CREATED THE FILE INSTANCE
00:33:31.180 INFO  accelarators.Base -readFile -INTENDED TO READ THE GIVEN FILE
00:33:31.180 ERROR accelarators.Base -readFile -UNABLE TO READ THE FILE(C:\workspace\AutomationPoC\TestData\LmaTestData.xlsx) SPECIFIED, PLEASE CHECK NAME OR LOCATION OR EXTENSION
00:33:31.181 ERROR utilities.Excel -getToFile -UNABLE TO READ THE EXCEL FILE(LmaTestData.xlsx)
UNABLE TO READ THE FILE(C:\workspace\AutomationPoC\TestData\LmaTestData.xlsx) SPECIFIED, PLEASE CHECK NAME OR LOCATION OR EXTENSION

00:33:31.181 ERROR utilities.Excel -getToSheet -UNABLE TO READ THE EXCEL SHEET(LmaData)
UNABLE TO READ THE EXCEL FILE(LmaTestData.xlsx)
UNABLE TO READ THE FILE(C:\workspace\AutomationPoC\TestData\LmaTestData.xlsx) SPECIFIED, PLEASE CHECK NAME OR LOCATION OR EXTENSION


00:33:31.181 ERROR utilities.Excel -getTestDataAsTwoDimesionalObjectArray -UNABLE TO READ THE TEST DATA AS TWO DIMENSION OBJECT ARRAY FROM EXCEL SHEET(LmaData) INSIDE EXCEL FILE(LmaTestData.xlsx)
UNABLE TO READ THE EXCEL SHEET(LmaData)
UNABLE TO READ THE EXCEL FILE(LmaTestData.xlsx)
UNABLE TO READ THE FILE(C:\workspace\AutomationPoC\TestData\LmaTestData.xlsx) SPECIFIED, PLEASE CHECK NAME OR LOCATION OR EXTENSION



00:33:31.181 ERROR utilities.DataProviderRepository -dataProviderMethod -UNABLE TO READ THE TEST DATA AS TWO DIMENSION OBJECT ARRAY FROM EXCEL SHEET(LmaData) INSIDE EXCEL FILE(LmaTestData.xlsx)
UNABLE TO READ THE EXCEL SHEET(LmaData)
UNABLE TO READ THE EXCEL FILE(LmaTestData.xlsx)
UNABLE TO READ THE FILE(C:\workspace\AutomationPoC\TestData\LmaTestData.xlsx) SPECIFIED, PLEASE CHECK NAME OR LOCATION OR EXTENSION




00:33:31.188 INFO  accelarators.Base -close -Start of Executing AfterClass method name: close() 
00:33:31.188 INFO  accelarators.Base -close -End of Executing after class stuff
00:33:31.188 INFO  accelarators.Base -close -End of Executing AfterClass method name: close() 
00:37:12.705 INFO  accelarators.Base -setup -BEFORE CLASS EXECUTION STARTED SUCCESSFULLY
00:37:12.709 INFO  utilities.ConfigProperties -loadFrom -INTEND TO LOAD USER CONFIGURATION PARAMETERS FROM PROPERTIES FILE
00:37:12.709 INFO  accelarators.Base -notEmpty -INTENDED TO CHECK IF THE STRING IS EMPTY
00:37:12.709 INFO  accelarators.Base -notEmpty -STRING IS NOT EMPTY
00:37:12.710 INFO  accelarators.Base -notEmpty -SUCCESSFULLY CHECKED IF THE STRING IS EMPTY
00:37:12.710 INFO  accelarators.Base -formatGiven -INTENDED TO CHECK IF THE FILE NAME HAS THE FILE EXTENSION
00:37:12.710 INFO  accelarators.Base -formatGiven -FILE FORMAT IS PROVIDED WITH THE FILE NAME(config.properties)
00:37:12.710 INFO  accelarators.Base -formatGiven -SUCCESSFULLY CHECKED IF THE FILE NAME HAS THE FILE EXTENSION
00:37:12.710 INFO  accelarators.Base -getFileFormat -INTENDED TO RETRIEVE THE FORMAT OF THE FILE
00:37:12.710 INFO  accelarators.Base -getFileFormat -SUCCESSFULLY GOT THE FILE FORMAT(.properties) FROM THE FILE NAME(config.properties)

00:37:12.710 INFO  accelarators.Base -getFileFormat -SUCCESSFULLY RETRIEVED THE FORMAT OF THE FILE
00:37:12.710 INFO  accelarators.Base -fileFormatIs -INTENDED TO CHECK IF THE FILE BELONGS TO THE GIVEN FORMAT
00:37:12.711 INFO  accelarators.Base -fileFormatIs -EXPECTED AND ACTUAL FILE FORMATS ARE THE SAME
00:37:12.711 INFO  accelarators.Base -fileFormatIs -SUCCESSFULLY CHECKED IF THE FILE BELONGS TO THE GIVEN FORMAT
00:37:12.711 INFO  accelarators.Base -createFileInstance -INTENDED TO CREATE THE FILE INSTANCE
00:37:12.711 INFO  accelarators.Base -createFileInstance -FILE INSTANCE CREATED
00:37:12.711 INFO  accelarators.Base -createFileInstance -SUCCESSFULLY CREATED THE FILE INSTANCE
00:37:12.711 INFO  accelarators.Base -readFile -INTENDED TO READ THE GIVEN FILE
00:37:12.711 INFO  accelarators.Base -readFile -SUCCESSFULLY READ THE FILE(C:\workspace\AutomationPoC\src\test\resources\config.properties) SPECIFIED
00:37:12.711 INFO  accelarators.Base -readFile -READING THE FILE IS SUCCESSFUL
00:37:12.712 INFO  utilities.ConfigProperties -createPropertiesInstance -INTEND TO CREATE AN INSTANCE OF PROPERTIES
00:37:12.712 INFO  utilities.ConfigProperties -createPropertiesInstance -AN INSTANCE OF PROPERTIES CLASS CREATED
00:37:12.712 INFO  utilities.ConfigProperties -createPropertiesInstance -SUCCESSFULLY CREATED AN INSTANCE OF PROPERTIES
00:37:12.712 INFO  utilities.ConfigProperties -loadProperties -INTEND TO LOAD PROPERTIES
00:37:12.712 INFO  utilities.ConfigProperties -loadProperties -SUCCESSFULLY LOADED THE PROPERTY FILE
00:37:12.713 INFO  utilities.ConfigProperties -loadProperties -SUCCESSFULLY LOADED PROPERTIES
00:37:12.713 INFO  utilities.ConfigProperties -loadFrom -SUCCESSFULLY LOADED USER CONFIGURATION PARAMETERS FROM PROPERTY FILE(config.properties) UNDER THE LOCATION(C:\workspace\AutomationPoC\src\test\resources\)
00:37:12.713 INFO  accelarators.Base -setup -creating folders for screen shots
00:37:12.724 INFO  utilities.Report -initialize -INTEND TO CREATE AN INSTANCE OF EXTENT REPORT WITH NAME AND APPEND STATUS
00:37:12.724 INFO  utilities.Report -initializeHTML -INTEND TO INITIALIZE AN HTML REPORT
00:37:12.724 INFO  accelarators.Base -notEmpty -INTENDED TO CHECK IF THE STRING IS EMPTY
00:37:12.724 INFO  accelarators.Base -notEmpty -STRING IS NOT EMPTY
00:37:12.724 INFO  accelarators.Base -notEmpty -SUCCESSFULLY CHECKED IF THE STRING IS EMPTY
00:37:12.724 INFO  accelarators.Base -formatGiven -INTENDED TO CHECK IF THE FILE NAME HAS THE FILE EXTENSION
00:37:12.725 INFO  accelarators.Base -formatGiven -FILE FORMAT IS PROVIDED WITH THE FILE NAME(LMA_TestExecution_Report.html)
00:37:12.725 INFO  accelarators.Base -formatGiven -SUCCESSFULLY CHECKED IF THE FILE NAME HAS THE FILE EXTENSION
00:37:12.725 INFO  accelarators.Base -getFileFormat -INTENDED TO RETRIEVE THE FORMAT OF THE FILE
00:37:12.725 INFO  accelarators.Base -getFileFormat -SUCCESSFULLY GOT THE FILE FORMAT(.html) FROM THE FILE NAME(LMA_TestExecution_Report.html)

00:37:12.725 INFO  accelarators.Base -getFileFormat -SUCCESSFULLY RETRIEVED THE FORMAT OF THE FILE
00:37:12.725 INFO  accelarators.Base -fileFormatIs -INTENDED TO CHECK IF THE FILE BELONGS TO THE GIVEN FORMAT
00:37:12.725 INFO  accelarators.Base -fileFormatIs -EXPECTED AND ACTUAL FILE FORMATS ARE THE SAME
00:37:12.725 INFO  accelarators.Base -fileFormatIs -SUCCESSFULLY CHECKED IF THE FILE BELONGS TO THE GIVEN FORMAT
00:37:12.725 INFO  utilities.Report -createInstanceOfHTMLReport -INTEND TO CREATE AN INSTANCE OF HTML REPORT WITH NAME
00:37:12.773 INFO  utilities.Report -createInstanceOfHTMLReport -SUCCESSFULLY CREATED AN INSTANCE OF HTML REPORT WITH NAME(LMA_TestExecution_Report.html)
00:37:12.773 INFO  utilities.Report -appendToExistingReport -INTED TO ADD THE CONTENTS TO EXTENT REPORT BASED ON THE APPEND STATUS
00:37:12.773 INFO  utilities.Report -appendToExistingReport -CONTENTS ARE ADDED TO EXTENT REPORT BASED ON THE APPEND STATUS(false)
00:37:12.774 INFO  utilities.Report -setHTMLReportName -INTEND TO SET A NAME FOR THE HTML REPORT 
00:37:12.774 INFO  utilities.Report -setHTMLReportName -HTML REPORT NAME(Test Case Summary) WAS SET SUCCESSFULLY
00:37:12.774 INFO  utilities.Report -setHTMLReportTheme -INTEND TO SET A THEME FOR THE HTML REPORT 
00:37:12.774 INFO  utilities.Report -setHTMLReportTheme -HTML REPORT THEME WAS SET SUCCESSFULLY
00:37:12.775 INFO  utilities.Report -initializeHTML -SUCCESSFULLY INITIALIZED AN HTML REPORT(LMA_TestExecution_Report.html)
00:37:12.775 INFO  utilities.Report -createInstanceOfExtentReport -INTEND TO CREATE AN INSTANCE OF EXTENT REPORT
00:37:12.779 INFO  utilities.Report -createInstanceOfExtentReport -SUCCESSFULLY CREATED AN INSTANCE OF EXTENT REPORT
00:37:12.779 INFO  utilities.Report -attachHTMLReport -INTEND TO ATTACH HTML REPORT TO EXTENT REPORT
00:37:12.846 INFO  utilities.Report -attachHTMLReport -SUCCESSFULLY ATTACHED HTML REPORT TO EXTENT REPORT
00:37:12.846 INFO  utilities.Report -initialize -SUCCESSFULLY CREATED AN INSTANCE OF EXTENT REPORT WITH NAME(LMA_TestExecution_Report.html) AND APPEND STATUS(false)
00:37:12.846 INFO  utilities.Report -recordSystemInfo -INTEND TO ADD SYSTEM INFORMATION IN EXTENT REPORT
00:37:12.847 INFO  utilities.Report -recordSystemInfo -SUCCESSFULLY ADDED SYSTEM INFORMATION(Operating System : Windows 7 - 64 bit) IN EXTENT REPORT
00:37:12.847 INFO  utilities.Report -recordSystemInfo -INTEND TO ADD SYSTEM INFORMATION IN EXTENT REPORT
00:37:12.847 INFO  utilities.Report -recordSystemInfo -SUCCESSFULLY ADDED SYSTEM INFORMATION(Java : Java 1.8) IN EXTENT REPORT
00:37:12.847 INFO  utilities.Report -recordSystemInfo -INTEND TO ADD SYSTEM INFORMATION IN EXTENT REPORT
00:37:12.847 INFO  utilities.Report -recordSystemInfo -SUCCESSFULLY ADDED SYSTEM INFORMATION(Selenium Version : Selenium 3.3.4) IN EXTENT REPORT
00:37:12.848 INFO  accelarators.Base -setup -BEFORE CLASS EXECUTED SUCCESSFULLY
00:37:12.855 INFO  accelarators.Base -close -Start of Executing AfterClass method name: close() 
00:37:12.855 INFO  accelarators.Base -close -End of Executing after class stuff
00:37:12.855 INFO  accelarators.Base -close -End of Executing AfterClass method name: close() 
00:37:27.165 INFO  accelarators.Base -setup -BEFORE CLASS EXECUTION STARTED SUCCESSFULLY
00:37:27.169 INFO  utilities.ConfigProperties -loadFrom -INTEND TO LOAD USER CONFIGURATION PARAMETERS FROM PROPERTIES FILE
00:37:27.170 INFO  accelarators.Base -notEmpty -INTENDED TO CHECK IF THE STRING IS EMPTY
00:37:27.170 INFO  accelarators.Base -notEmpty -STRING IS NOT EMPTY
00:37:27.170 INFO  accelarators.Base -notEmpty -SUCCESSFULLY CHECKED IF THE STRING IS EMPTY
00:37:27.170 INFO  accelarators.Base -formatGiven -INTENDED TO CHECK IF THE FILE NAME HAS THE FILE EXTENSION
00:37:27.170 INFO  accelarators.Base -formatGiven -FILE FORMAT IS PROVIDED WITH THE FILE NAME(config.properties)
00:37:27.170 INFO  accelarators.Base -formatGiven -SUCCESSFULLY CHECKED IF THE FILE NAME HAS THE FILE EXTENSION
00:37:27.170 INFO  accelarators.Base -getFileFormat -INTENDED TO RETRIEVE THE FORMAT OF THE FILE
00:37:27.170 INFO  accelarators.Base -getFileFormat -SUCCESSFULLY GOT THE FILE FORMAT(.properties) FROM THE FILE NAME(config.properties)

00:37:27.171 INFO  accelarators.Base -getFileFormat -SUCCESSFULLY RETRIEVED THE FORMAT OF THE FILE
00:37:27.171 INFO  accelarators.Base -fileFormatIs -INTENDED TO CHECK IF THE FILE BELONGS TO THE GIVEN FORMAT
00:37:27.171 INFO  accelarators.Base -fileFormatIs -EXPECTED AND ACTUAL FILE FORMATS ARE THE SAME
00:37:27.171 INFO  accelarators.Base -fileFormatIs -SUCCESSFULLY CHECKED IF THE FILE BELONGS TO THE GIVEN FORMAT
00:37:27.171 INFO  accelarators.Base -createFileInstance -INTENDED TO CREATE THE FILE INSTANCE
00:37:27.171 INFO  accelarators.Base -createFileInstance -FILE INSTANCE CREATED
00:37:27.171 INFO  accelarators.Base -createFileInstance -SUCCESSFULLY CREATED THE FILE INSTANCE
00:37:27.171 INFO  accelarators.Base -readFile -INTENDED TO READ THE GIVEN FILE
00:37:27.172 INFO  accelarators.Base -readFile -SUCCESSFULLY READ THE FILE(C:\workspace\AutomationPoC\src\test\resources\config.properties) SPECIFIED
00:37:27.172 INFO  accelarators.Base -readFile -READING THE FILE IS SUCCESSFUL
00:37:27.172 INFO  utilities.ConfigProperties -createPropertiesInstance -INTEND TO CREATE AN INSTANCE OF PROPERTIES
00:37:27.172 INFO  utilities.ConfigProperties -createPropertiesInstance -AN INSTANCE OF PROPERTIES CLASS CREATED
00:37:27.172 INFO  utilities.ConfigProperties -createPropertiesInstance -SUCCESSFULLY CREATED AN INSTANCE OF PROPERTIES
00:37:27.172 INFO  utilities.ConfigProperties -loadProperties -INTEND TO LOAD PROPERTIES
00:37:27.173 INFO  utilities.ConfigProperties -loadProperties -SUCCESSFULLY LOADED THE PROPERTY FILE
00:37:27.173 INFO  utilities.ConfigProperties -loadProperties -SUCCESSFULLY LOADED PROPERTIES
00:37:27.173 INFO  utilities.ConfigProperties -loadFrom -SUCCESSFULLY LOADED USER CONFIGURATION PARAMETERS FROM PROPERTY FILE(config.properties) UNDER THE LOCATION(C:\workspace\AutomationPoC\src\test\resources\)
00:37:27.173 INFO  accelarators.Base -setup -creating folders for screen shots
00:37:27.184 INFO  utilities.Report -initialize -INTEND TO CREATE AN INSTANCE OF EXTENT REPORT WITH NAME AND APPEND STATUS
00:37:27.184 INFO  utilities.Report -initializeHTML -INTEND TO INITIALIZE AN HTML REPORT
00:37:27.184 INFO  accelarators.Base -notEmpty -INTENDED TO CHECK IF THE STRING IS EMPTY
00:37:27.184 INFO  accelarators.Base -notEmpty -STRING IS NOT EMPTY
00:37:27.184 INFO  accelarators.Base -notEmpty -SUCCESSFULLY CHECKED IF THE STRING IS EMPTY
00:37:27.184 INFO  accelarators.Base -formatGiven -INTENDED TO CHECK IF THE FILE NAME HAS THE FILE EXTENSION
00:37:27.184 INFO  accelarators.Base -formatGiven -FILE FORMAT IS PROVIDED WITH THE FILE NAME(LMA_TestExecution_Report.html)
00:37:27.185 INFO  accelarators.Base -formatGiven -SUCCESSFULLY CHECKED IF THE FILE NAME HAS THE FILE EXTENSION
00:37:27.185 INFO  accelarators.Base -getFileFormat -INTENDED TO RETRIEVE THE FORMAT OF THE FILE
00:37:27.185 INFO  accelarators.Base -getFileFormat -SUCCESSFULLY GOT THE FILE FORMAT(.html) FROM THE FILE NAME(LMA_TestExecution_Report.html)

00:37:27.185 INFO  accelarators.Base -getFileFormat -SUCCESSFULLY RETRIEVED THE FORMAT OF THE FILE
00:37:27.185 INFO  accelarators.Base -fileFormatIs -INTENDED TO CHECK IF THE FILE BELONGS TO THE GIVEN FORMAT
00:37:27.185 INFO  accelarators.Base -fileFormatIs -EXPECTED AND ACTUAL FILE FORMATS ARE THE SAME
00:37:27.185 INFO  accelarators.Base -fileFormatIs -SUCCESSFULLY CHECKED IF THE FILE BELONGS TO THE GIVEN FORMAT
00:37:27.185 INFO  utilities.Report -createInstanceOfHTMLReport -INTEND TO CREATE AN INSTANCE OF HTML REPORT WITH NAME
00:37:27.230 INFO  utilities.Report -createInstanceOfHTMLReport -SUCCESSFULLY CREATED AN INSTANCE OF HTML REPORT WITH NAME(LMA_TestExecution_Report.html)
00:37:27.230 INFO  utilities.Report -appendToExistingReport -INTED TO ADD THE CONTENTS TO EXTENT REPORT BASED ON THE APPEND STATUS
00:37:27.230 INFO  utilities.Report -appendToExistingReport -CONTENTS ARE ADDED TO EXTENT REPORT BASED ON THE APPEND STATUS(false)
00:37:27.230 INFO  utilities.Report -setHTMLReportName -INTEND TO SET A NAME FOR THE HTML REPORT 
00:37:27.230 INFO  utilities.Report -setHTMLReportName -HTML REPORT NAME(Test Case Summary) WAS SET SUCCESSFULLY
00:37:27.231 INFO  utilities.Report -setHTMLReportTheme -INTEND TO SET A THEME FOR THE HTML REPORT 
00:37:27.231 INFO  utilities.Report -setHTMLReportTheme -HTML REPORT THEME WAS SET SUCCESSFULLY
00:37:27.231 INFO  utilities.Report -initializeHTML -SUCCESSFULLY INITIALIZED AN HTML REPORT(LMA_TestExecution_Report.html)
00:37:27.231 INFO  utilities.Report -createInstanceOfExtentReport -INTEND TO CREATE AN INSTANCE OF EXTENT REPORT
00:37:27.235 INFO  utilities.Report -createInstanceOfExtentReport -SUCCESSFULLY CREATED AN INSTANCE OF EXTENT REPORT
00:37:27.235 INFO  utilities.Report -attachHTMLReport -INTEND TO ATTACH HTML REPORT TO EXTENT REPORT
00:37:27.301 INFO  utilities.Report -attachHTMLReport -SUCCESSFULLY ATTACHED HTML REPORT TO EXTENT REPORT
00:37:27.301 INFO  utilities.Report -initialize -SUCCESSFULLY CREATED AN INSTANCE OF EXTENT REPORT WITH NAME(LMA_TestExecution_Report.html) AND APPEND STATUS(false)
00:37:27.301 INFO  utilities.Report -recordSystemInfo -INTEND TO ADD SYSTEM INFORMATION IN EXTENT REPORT
00:37:27.302 INFO  utilities.Report -recordSystemInfo -SUCCESSFULLY ADDED SYSTEM INFORMATION(Operating System : Windows 7 - 64 bit) IN EXTENT REPORT
00:37:27.302 INFO  utilities.Report -recordSystemInfo -INTEND TO ADD SYSTEM INFORMATION IN EXTENT REPORT
00:37:27.302 INFO  utilities.Report -recordSystemInfo -SUCCESSFULLY ADDED SYSTEM INFORMATION(Java : Java 1.8) IN EXTENT REPORT
00:37:27.302 INFO  utilities.Report -recordSystemInfo -INTEND TO ADD SYSTEM INFORMATION IN EXTENT REPORT
00:37:27.302 INFO  utilities.Report -recordSystemInfo -SUCCESSFULLY ADDED SYSTEM INFORMATION(Selenium Version : Selenium 3.3.4) IN EXTENT REPORT
00:37:27.302 INFO  accelarators.Base -setup -BEFORE CLASS EXECUTED SUCCESSFULLY
00:37:27.309 INFO  testScripts.LmaTestCase -AddCounterParty -METHOD(AddCounterParty) EXECUTION STARTED SUCCESSFULLY
00:37:27.310 ERROR testScripts.LmaTestCase -AddCounterParty -null
00:37:27.312 INFO  testScripts.LmaTestCase -afterExecutionOfEachTest -AFTER METHOD EXECUTION STARTED SUCCESSFULLY
00:37:27.313 INFO  accelarators.ActionDriver -screenShot -METHOD(screenShot) EXECUTION STARTED SUCCESSFULLY
00:37:27.314 ERROR testScripts.LmaTestCase -afterExecutionOfEachTest -null
00:37:27.315 INFO  utilities.Report -logTestCaseStatus -INTEND TO LOG TEST CASE STATUS WITH DESCRIPTION IN EXTENT REPORT
00:37:27.315 INFO  accelarators.Base -notEmpty -INTENDED TO CHECK IF THE STRING IS EMPTY
00:37:27.315 INFO  accelarators.Base -notEmpty -STRING IS NOT EMPTY
00:37:27.315 INFO  accelarators.Base -notEmpty -SUCCESSFULLY CHECKED IF THE STRING IS EMPTY
00:37:27.315 INFO  accelarators.Base -notEmpty -INTENDED TO CHECK IF THE STRING IS EMPTY
00:37:27.315 INFO  accelarators.Base -notEmpty -STRING IS NOT EMPTY
00:37:27.315 INFO  accelarators.Base -notEmpty -SUCCESSFULLY CHECKED IF THE STRING IS EMPTY
00:37:27.316 ERROR utilities.Report -logTestCaseStatus -UNABLE TO LOG THE TEST CASE STATUS(FAIL) WITH DESCRIPTION(<font color=red><b>After Method Is Not Successful</b></font><br />null<br />) IN EXTENT REPORT
null
00:37:27.317 INFO  accelarators.Base -close -Start of Executing AfterClass method name: close() 
00:37:27.318 INFO  accelarators.Base -close -End of Executing after class stuff
00:37:27.318 INFO  accelarators.Base -close -End of Executing AfterClass method name: close() 
00:37:56.033 INFO  accelarators.Base -setup -BEFORE CLASS EXECUTION STARTED SUCCESSFULLY
00:37:56.037 INFO  utilities.ConfigProperties -loadFrom -INTEND TO LOAD USER CONFIGURATION PARAMETERS FROM PROPERTIES FILE
00:37:56.037 INFO  accelarators.Base -notEmpty -INTENDED TO CHECK IF THE STRING IS EMPTY
00:37:56.037 INFO  accelarators.Base -notEmpty -STRING IS NOT EMPTY
00:37:56.037 INFO  accelarators.Base -notEmpty -SUCCESSFULLY CHECKED IF THE STRING IS EMPTY
00:37:56.038 INFO  accelarators.Base -formatGiven -INTENDED TO CHECK IF THE FILE NAME HAS THE FILE EXTENSION
00:37:56.038 INFO  accelarators.Base -formatGiven -FILE FORMAT IS PROVIDED WITH THE FILE NAME(config.properties)
00:37:56.038 INFO  accelarators.Base -formatGiven -SUCCESSFULLY CHECKED IF THE FILE NAME HAS THE FILE EXTENSION
00:37:56.038 INFO  accelarators.Base -getFileFormat -INTENDED TO RETRIEVE THE FORMAT OF THE FILE
00:37:56.038 INFO  accelarators.Base -getFileFormat -SUCCESSFULLY GOT THE FILE FORMAT(.properties) FROM THE FILE NAME(config.properties)

00:37:56.038 INFO  accelarators.Base -getFileFormat -SUCCESSFULLY RETRIEVED THE FORMAT OF THE FILE
00:37:56.038 INFO  accelarators.Base -fileFormatIs -INTENDED TO CHECK IF THE FILE BELONGS TO THE GIVEN FORMAT
00:37:56.038 INFO  accelarators.Base -fileFormatIs -EXPECTED AND ACTUAL FILE FORMATS ARE THE SAME
00:37:56.039 INFO  accelarators.Base -fileFormatIs -SUCCESSFULLY CHECKED IF THE FILE BELONGS TO THE GIVEN FORMAT
00:37:56.039 INFO  accelarators.Base -createFileInstance -INTENDED TO CREATE THE FILE INSTANCE
00:37:56.039 INFO  accelarators.Base -createFileInstance -FILE INSTANCE CREATED
00:37:56.039 INFO  accelarators.Base -createFileInstance -SUCCESSFULLY CREATED THE FILE INSTANCE
00:37:56.039 INFO  accelarators.Base -readFile -INTENDED TO READ THE GIVEN FILE
00:37:56.039 INFO  accelarators.Base -readFile -SUCCESSFULLY READ THE FILE(C:\workspace\AutomationPoC\src\test\resources\config.properties) SPECIFIED
00:37:56.039 INFO  accelarators.Base -readFile -READING THE FILE IS SUCCESSFUL
00:37:56.040 INFO  utilities.ConfigProperties -createPropertiesInstance -INTEND TO CREATE AN INSTANCE OF PROPERTIES
00:37:56.040 INFO  utilities.ConfigProperties -createPropertiesInstance -AN INSTANCE OF PROPERTIES CLASS CREATED
00:37:56.040 INFO  utilities.ConfigProperties -createPropertiesInstance -SUCCESSFULLY CREATED AN INSTANCE OF PROPERTIES
00:37:56.040 INFO  utilities.ConfigProperties -loadProperties -INTEND TO LOAD PROPERTIES
00:37:56.040 INFO  utilities.ConfigProperties -loadProperties -SUCCESSFULLY LOADED THE PROPERTY FILE
00:37:56.040 INFO  utilities.ConfigProperties -loadProperties -SUCCESSFULLY LOADED PROPERTIES
00:37:56.040 INFO  utilities.ConfigProperties -loadFrom -SUCCESSFULLY LOADED USER CONFIGURATION PARAMETERS FROM PROPERTY FILE(config.properties) UNDER THE LOCATION(C:\workspace\AutomationPoC\src\test\resources\)
00:37:56.041 INFO  accelarators.Base -setup -creating folders for screen shots
00:37:56.051 INFO  utilities.Report -initialize -INTEND TO CREATE AN INSTANCE OF EXTENT REPORT WITH NAME AND APPEND STATUS
00:37:56.052 INFO  utilities.Report -initializeHTML -INTEND TO INITIALIZE AN HTML REPORT
00:37:56.052 INFO  accelarators.Base -notEmpty -INTENDED TO CHECK IF THE STRING IS EMPTY
00:37:56.052 INFO  accelarators.Base -notEmpty -STRING IS NOT EMPTY
00:37:56.052 INFO  accelarators.Base -notEmpty -SUCCESSFULLY CHECKED IF THE STRING IS EMPTY
00:37:56.052 INFO  accelarators.Base -formatGiven -INTENDED TO CHECK IF THE FILE NAME HAS THE FILE EXTENSION
00:37:56.052 INFO  accelarators.Base -formatGiven -FILE FORMAT IS PROVIDED WITH THE FILE NAME(LMA_TestExecution_Report.html)
00:37:56.052 INFO  accelarators.Base -formatGiven -SUCCESSFULLY CHECKED IF THE FILE NAME HAS THE FILE EXTENSION
00:37:56.053 INFO  accelarators.Base -getFileFormat -INTENDED TO RETRIEVE THE FORMAT OF THE FILE
00:37:56.053 INFO  accelarators.Base -getFileFormat -SUCCESSFULLY GOT THE FILE FORMAT(.html) FROM THE FILE NAME(LMA_TestExecution_Report.html)

00:37:56.053 INFO  accelarators.Base -getFileFormat -SUCCESSFULLY RETRIEVED THE FORMAT OF THE FILE
00:37:56.053 INFO  accelarators.Base -fileFormatIs -INTENDED TO CHECK IF THE FILE BELONGS TO THE GIVEN FORMAT
00:37:56.053 INFO  accelarators.Base -fileFormatIs -EXPECTED AND ACTUAL FILE FORMATS ARE THE SAME
00:37:56.053 INFO  accelarators.Base -fileFormatIs -SUCCESSFULLY CHECKED IF THE FILE BELONGS TO THE GIVEN FORMAT
00:37:56.053 INFO  utilities.Report -createInstanceOfHTMLReport -INTEND TO CREATE AN INSTANCE OF HTML REPORT WITH NAME
00:37:56.098 INFO  utilities.Report -createInstanceOfHTMLReport -SUCCESSFULLY CREATED AN INSTANCE OF HTML REPORT WITH NAME(LMA_TestExecution_Report.html)
00:37:56.098 INFO  utilities.Report -appendToExistingReport -INTED TO ADD THE CONTENTS TO EXTENT REPORT BASED ON THE APPEND STATUS
00:37:56.098 INFO  utilities.Report -appendToExistingReport -CONTENTS ARE ADDED TO EXTENT REPORT BASED ON THE APPEND STATUS(false)
00:37:56.098 INFO  utilities.Report -setHTMLReportName -INTEND TO SET A NAME FOR THE HTML REPORT 
00:37:56.098 INFO  utilities.Report -setHTMLReportName -HTML REPORT NAME(Test Case Summary) WAS SET SUCCESSFULLY
00:37:56.100 INFO  utilities.Report -setHTMLReportTheme -INTEND TO SET A THEME FOR THE HTML REPORT 
00:37:56.100 INFO  utilities.Report -setHTMLReportTheme -HTML REPORT THEME WAS SET SUCCESSFULLY
00:37:56.100 INFO  utilities.Report -initializeHTML -SUCCESSFULLY INITIALIZED AN HTML REPORT(LMA_TestExecution_Report.html)
00:37:56.100 INFO  utilities.Report -createInstanceOfExtentReport -INTEND TO CREATE AN INSTANCE OF EXTENT REPORT
00:37:56.103 INFO  utilities.Report -createInstanceOfExtentReport -SUCCESSFULLY CREATED AN INSTANCE OF EXTENT REPORT
00:37:56.103 INFO  utilities.Report -attachHTMLReport -INTEND TO ATTACH HTML REPORT TO EXTENT REPORT
00:37:56.171 INFO  utilities.Report -attachHTMLReport -SUCCESSFULLY ATTACHED HTML REPORT TO EXTENT REPORT
00:37:56.171 INFO  utilities.Report -initialize -SUCCESSFULLY CREATED AN INSTANCE OF EXTENT REPORT WITH NAME(LMA_TestExecution_Report.html) AND APPEND STATUS(false)
00:37:56.171 INFO  utilities.Report -recordSystemInfo -INTEND TO ADD SYSTEM INFORMATION IN EXTENT REPORT
00:37:56.172 INFO  utilities.Report -recordSystemInfo -SUCCESSFULLY ADDED SYSTEM INFORMATION(Operating System : Windows 7 - 64 bit) IN EXTENT REPORT
00:37:56.172 INFO  utilities.Report -recordSystemInfo -INTEND TO ADD SYSTEM INFORMATION IN EXTENT REPORT
00:37:56.172 INFO  utilities.Report -recordSystemInfo -SUCCESSFULLY ADDED SYSTEM INFORMATION(Java : Java 1.8) IN EXTENT REPORT
00:37:56.172 INFO  utilities.Report -recordSystemInfo -INTEND TO ADD SYSTEM INFORMATION IN EXTENT REPORT
00:37:56.172 INFO  utilities.Report -recordSystemInfo -SUCCESSFULLY ADDED SYSTEM INFORMATION(Selenium Version : Selenium 3.3.4) IN EXTENT REPORT
00:37:56.172 INFO  accelarators.Base -setup -BEFORE CLASS EXECUTED SUCCESSFULLY
00:37:56.179 INFO  testScripts.LmaTestCase -AddCounterParty -METHOD(AddCounterParty) EXECUTION STARTED SUCCESSFULLY
00:37:56.180 INFO  utilities.Report -makeTestCaseEntry -INTEND TO CREATE AN INSTANCE OF TEST CASE WITH NAME IN EXTENT REPORT
00:37:56.180 INFO  accelarators.Base -notEmpty -INTENDED TO CHECK IF THE STRING IS EMPTY
00:37:56.180 INFO  accelarators.Base -notEmpty -STRING IS NOT EMPTY
00:37:56.180 INFO  accelarators.Base -notEmpty -SUCCESSFULLY CHECKED IF THE STRING IS EMPTY
00:37:56.182 INFO  utilities.Report -makeTestCaseEntry -SUCCESSFULY CREATED AN INSTANCE OF TEST CASE WITH NAME(LMA_POC_Automation) IN EXTENT REPORT
00:37:56.182 INFO  utilities.Report -assignCategoryToTestCase -INTEND TO ASSIGN CATAGORY TO A TEST CASE IN EXTENT REPORT
00:37:56.186 INFO  utilities.Report -assignCategoryToTestCase -SUCCESSFULY ASSIGNED THE CATAGORY(TC1) TO A TEST CASE IN EXTENT REPORT
00:37:56.186 INFO  pageObjects.LmaWorkFlow -LaunchApplication -WORKFLOW(newTrackerListingProcess) EXECUTION STARTED SUCCESSFULLY
00:37:56.203 INFO  pageObjects.LmaCommonPage -initiateBrowser -METHOD(initiateBrowser) EXECUTION STARTED SUCCESSFULLY
00:37:56.246 ERROR pageObjects.LmaCommonPage -initiateBrowser -The driver executable does not exist: C:\workspace\AutomationPoC\Drivers\chromedriver.exe
00:37:56.246 INFO  pageObjects.LmaCommonPage -initiateBrowser -METHOD(initiateBrowser) EXECUTED SUCCESSFULLY
00:37:56.247 ERROR pageObjects.LmaWorkFlow -LaunchApplication -null
00:37:56.247 INFO  utilities.Report -logTestCaseStatus -INTEND TO LOG TEST CASE STATUS WITH DESCRIPTION IN EXTENT REPORT
00:37:56.247 INFO  accelarators.Base -notEmpty -INTENDED TO CHECK IF THE STRING IS EMPTY
00:37:56.247 INFO  accelarators.Base -notEmpty -STRING IS NOT EMPTY
00:37:56.247 INFO  accelarators.Base -notEmpty -SUCCESSFULLY CHECKED IF THE STRING IS EMPTY
00:37:56.247 INFO  accelarators.Base -notEmpty -INTENDED TO CHECK IF THE STRING IS EMPTY
00:37:56.247 INFO  accelarators.Base -notEmpty -STRING IS NOT EMPTY
00:37:56.247 INFO  accelarators.Base -notEmpty -SUCCESSFULLY CHECKED IF THE STRING IS EMPTY
00:37:56.254 INFO  utilities.Report -logTestCaseStatus -SUCCESSFULY LOGED THE STATUS(FAIL) WITH DESCRIPTION(<font color=red><b>IU Is Not logged in Successfully</b></font><br />null<br />) IN EXTENT REPORT
00:37:56.254 ERROR testScripts.LmaTestCase -AddCounterParty -UNABLE TO INITIATE THE login PROCESS 
null

00:37:56.256 INFO  testScripts.LmaTestCase -afterExecutionOfEachTest -AFTER METHOD EXECUTION STARTED SUCCESSFULLY
00:37:56.257 INFO  accelarators.ActionDriver -screenShot -METHOD(screenShot) EXECUTION STARTED SUCCESSFULLY
00:37:56.257 ERROR testScripts.LmaTestCase -afterExecutionOfEachTest -null
00:37:56.257 INFO  utilities.Report -logTestCaseStatus -INTEND TO LOG TEST CASE STATUS WITH DESCRIPTION IN EXTENT REPORT
00:37:56.257 INFO  accelarators.Base -notEmpty -INTENDED TO CHECK IF THE STRING IS EMPTY
00:37:56.257 INFO  accelarators.Base -notEmpty -STRING IS NOT EMPTY
00:37:56.257 INFO  accelarators.Base -notEmpty -SUCCESSFULLY CHECKED IF THE STRING IS EMPTY
00:37:56.258 INFO  accelarators.Base -notEmpty -INTENDED TO CHECK IF THE STRING IS EMPTY
00:37:56.258 INFO  accelarators.Base -notEmpty -STRING IS NOT EMPTY
00:37:56.258 INFO  accelarators.Base -notEmpty -SUCCESSFULLY CHECKED IF THE STRING IS EMPTY
00:37:56.259 INFO  utilities.Report -logTestCaseStatus -SUCCESSFULY LOGED THE STATUS(FAIL) WITH DESCRIPTION(<font color=red><b>After Method Is Not Successful</b></font><br />null<br />) IN EXTENT REPORT
00:37:56.261 INFO  accelarators.Base -close -Start of Executing AfterClass method name: close() 
00:37:56.261 INFO  accelarators.Base -close -End of Executing after class stuff
00:37:56.261 INFO  accelarators.Base -close -End of Executing AfterClass method name: close() 
00:39:27.988 INFO  accelarators.Base -setup -BEFORE CLASS EXECUTION STARTED SUCCESSFULLY
00:39:27.992 INFO  utilities.ConfigProperties -loadFrom -INTEND TO LOAD USER CONFIGURATION PARAMETERS FROM PROPERTIES FILE
00:39:27.992 INFO  accelarators.Base -notEmpty -INTENDED TO CHECK IF THE STRING IS EMPTY
00:39:27.992 INFO  accelarators.Base -notEmpty -STRING IS NOT EMPTY
00:39:27.992 INFO  accelarators.Base -notEmpty -SUCCESSFULLY CHECKED IF THE STRING IS EMPTY
00:39:27.992 INFO  accelarators.Base -formatGiven -INTENDED TO CHECK IF THE FILE NAME HAS THE FILE EXTENSION
00:39:27.992 INFO  accelarators.Base -formatGiven -FILE FORMAT IS PROVIDED WITH THE FILE NAME(config.properties)
00:39:27.992 INFO  accelarators.Base -formatGiven -SUCCESSFULLY CHECKED IF THE FILE NAME HAS THE FILE EXTENSION
00:39:27.993 INFO  accelarators.Base -getFileFormat -INTENDED TO RETRIEVE THE FORMAT OF THE FILE
00:39:27.993 INFO  accelarators.Base -getFileFormat -SUCCESSFULLY GOT THE FILE FORMAT(.properties) FROM THE FILE NAME(config.properties)

00:39:27.993 INFO  accelarators.Base -getFileFormat -SUCCESSFULLY RETRIEVED THE FORMAT OF THE FILE
00:39:27.993 INFO  accelarators.Base -fileFormatIs -INTENDED TO CHECK IF THE FILE BELONGS TO THE GIVEN FORMAT
00:39:27.993 INFO  accelarators.Base -fileFormatIs -EXPECTED AND ACTUAL FILE FORMATS ARE THE SAME
00:39:27.993 INFO  accelarators.Base -fileFormatIs -SUCCESSFULLY CHECKED IF THE FILE BELONGS TO THE GIVEN FORMAT
00:39:27.993 INFO  accelarators.Base -createFileInstance -INTENDED TO CREATE THE FILE INSTANCE
00:39:27.993 INFO  accelarators.Base -createFileInstance -FILE INSTANCE CREATED
00:39:27.994 INFO  accelarators.Base -createFileInstance -SUCCESSFULLY CREATED THE FILE INSTANCE
00:39:27.994 INFO  accelarators.Base -readFile -INTENDED TO READ THE GIVEN FILE
00:39:27.994 INFO  accelarators.Base -readFile -SUCCESSFULLY READ THE FILE(C:\workspace\AutomationPoC\src\test\resources\config.properties) SPECIFIED
00:39:27.994 INFO  accelarators.Base -readFile -READING THE FILE IS SUCCESSFUL
00:39:27.994 INFO  utilities.ConfigProperties -createPropertiesInstance -INTEND TO CREATE AN INSTANCE OF PROPERTIES
00:39:27.994 INFO  utilities.ConfigProperties -createPropertiesInstance -AN INSTANCE OF PROPERTIES CLASS CREATED
00:39:27.994 INFO  utilities.ConfigProperties -createPropertiesInstance -SUCCESSFULLY CREATED AN INSTANCE OF PROPERTIES
00:39:27.995 INFO  utilities.ConfigProperties -loadProperties -INTEND TO LOAD PROPERTIES
00:39:27.995 INFO  utilities.ConfigProperties -loadProperties -SUCCESSFULLY LOADED THE PROPERTY FILE
00:39:27.995 INFO  utilities.ConfigProperties -loadProperties -SUCCESSFULLY LOADED PROPERTIES
00:39:27.995 INFO  utilities.ConfigProperties -loadFrom -SUCCESSFULLY LOADED USER CONFIGURATION PARAMETERS FROM PROPERTY FILE(config.properties) UNDER THE LOCATION(C:\workspace\AutomationPoC\src\test\resources\)
00:39:27.995 INFO  accelarators.Base -setup -creating folders for screen shots
00:39:28.006 INFO  utilities.Report -initialize -INTEND TO CREATE AN INSTANCE OF EXTENT REPORT WITH NAME AND APPEND STATUS
00:39:28.006 INFO  utilities.Report -initializeHTML -INTEND TO INITIALIZE AN HTML REPORT
00:39:28.007 INFO  accelarators.Base -notEmpty -INTENDED TO CHECK IF THE STRING IS EMPTY
00:39:28.007 INFO  accelarators.Base -notEmpty -STRING IS NOT EMPTY
00:39:28.007 INFO  accelarators.Base -notEmpty -SUCCESSFULLY CHECKED IF THE STRING IS EMPTY
00:39:28.007 INFO  accelarators.Base -formatGiven -INTENDED TO CHECK IF THE FILE NAME HAS THE FILE EXTENSION
00:39:28.007 INFO  accelarators.Base -formatGiven -FILE FORMAT IS PROVIDED WITH THE FILE NAME(LMA_TestExecution_Report.html)
00:39:28.007 INFO  accelarators.Base -formatGiven -SUCCESSFULLY CHECKED IF THE FILE NAME HAS THE FILE EXTENSION
00:39:28.007 INFO  accelarators.Base -getFileFormat -INTENDED TO RETRIEVE THE FORMAT OF THE FILE
00:39:28.007 INFO  accelarators.Base -getFileFormat -SUCCESSFULLY GOT THE FILE FORMAT(.html) FROM THE FILE NAME(LMA_TestExecution_Report.html)

00:39:28.007 INFO  accelarators.Base -getFileFormat -SUCCESSFULLY RETRIEVED THE FORMAT OF THE FILE
00:39:28.008 INFO  accelarators.Base -fileFormatIs -INTENDED TO CHECK IF THE FILE BELONGS TO THE GIVEN FORMAT
00:39:28.008 INFO  accelarators.Base -fileFormatIs -EXPECTED AND ACTUAL FILE FORMATS ARE THE SAME
00:39:28.008 INFO  accelarators.Base -fileFormatIs -SUCCESSFULLY CHECKED IF THE FILE BELONGS TO THE GIVEN FORMAT
00:39:28.008 INFO  utilities.Report -createInstanceOfHTMLReport -INTEND TO CREATE AN INSTANCE OF HTML REPORT WITH NAME
00:39:28.052 INFO  utilities.Report -createInstanceOfHTMLReport -SUCCESSFULLY CREATED AN INSTANCE OF HTML REPORT WITH NAME(LMA_TestExecution_Report.html)
00:39:28.052 INFO  utilities.Report -appendToExistingReport -INTED TO ADD THE CONTENTS TO EXTENT REPORT BASED ON THE APPEND STATUS
00:39:28.053 INFO  utilities.Report -appendToExistingReport -CONTENTS ARE ADDED TO EXTENT REPORT BASED ON THE APPEND STATUS(false)
00:39:28.053 INFO  utilities.Report -setHTMLReportName -INTEND TO SET A NAME FOR THE HTML REPORT 
00:39:28.053 INFO  utilities.Report -setHTMLReportName -HTML REPORT NAME(Test Case Summary) WAS SET SUCCESSFULLY
00:39:28.053 INFO  utilities.Report -setHTMLReportTheme -INTEND TO SET A THEME FOR THE HTML REPORT 
00:39:28.053 INFO  utilities.Report -setHTMLReportTheme -HTML REPORT THEME WAS SET SUCCESSFULLY
00:39:28.054 INFO  utilities.Report -initializeHTML -SUCCESSFULLY INITIALIZED AN HTML REPORT(LMA_TestExecution_Report.html)
00:39:28.054 INFO  utilities.Report -createInstanceOfExtentReport -INTEND TO CREATE AN INSTANCE OF EXTENT REPORT
00:39:28.058 INFO  utilities.Report -createInstanceOfExtentReport -SUCCESSFULLY CREATED AN INSTANCE OF EXTENT REPORT
00:39:28.058 INFO  utilities.Report -attachHTMLReport -INTEND TO ATTACH HTML REPORT TO EXTENT REPORT
00:39:28.125 INFO  utilities.Report -attachHTMLReport -SUCCESSFULLY ATTACHED HTML REPORT TO EXTENT REPORT
00:39:28.125 INFO  utilities.Report -initialize -SUCCESSFULLY CREATED AN INSTANCE OF EXTENT REPORT WITH NAME(LMA_TestExecution_Report.html) AND APPEND STATUS(false)
00:39:28.125 INFO  utilities.Report -recordSystemInfo -INTEND TO ADD SYSTEM INFORMATION IN EXTENT REPORT
00:39:28.126 INFO  utilities.Report -recordSystemInfo -SUCCESSFULLY ADDED SYSTEM INFORMATION(Operating System : Windows 7 - 64 bit) IN EXTENT REPORT
00:39:28.126 INFO  utilities.Report -recordSystemInfo -INTEND TO ADD SYSTEM INFORMATION IN EXTENT REPORT
00:39:28.126 INFO  utilities.Report -recordSystemInfo -SUCCESSFULLY ADDED SYSTEM INFORMATION(Java : Java 1.8) IN EXTENT REPORT
00:39:28.126 INFO  utilities.Report -recordSystemInfo -INTEND TO ADD SYSTEM INFORMATION IN EXTENT REPORT
00:39:28.126 INFO  utilities.Report -recordSystemInfo -SUCCESSFULLY ADDED SYSTEM INFORMATION(Selenium Version : Selenium 3.3.4) IN EXTENT REPORT
00:39:28.126 INFO  accelarators.Base -setup -BEFORE CLASS EXECUTED SUCCESSFULLY
00:39:28.134 INFO  testScripts.LmaTestCase -AddCounterParty -METHOD(AddCounterParty) EXECUTION STARTED SUCCESSFULLY
00:39:28.134 INFO  utilities.Report -makeTestCaseEntry -INTEND TO CREATE AN INSTANCE OF TEST CASE WITH NAME IN EXTENT REPORT
00:39:28.134 INFO  accelarators.Base -notEmpty -INTENDED TO CHECK IF THE STRING IS EMPTY
00:39:28.134 INFO  accelarators.Base -notEmpty -STRING IS NOT EMPTY
00:39:28.134 INFO  accelarators.Base -notEmpty -SUCCESSFULLY CHECKED IF THE STRING IS EMPTY
00:39:28.136 INFO  utilities.Report -makeTestCaseEntry -SUCCESSFULY CREATED AN INSTANCE OF TEST CASE WITH NAME(LMA_POC_Automation) IN EXTENT REPORT
00:39:28.136 INFO  utilities.Report -assignCategoryToTestCase -INTEND TO ASSIGN CATAGORY TO A TEST CASE IN EXTENT REPORT
00:39:28.140 INFO  utilities.Report -assignCategoryToTestCase -SUCCESSFULY ASSIGNED THE CATAGORY(TC1) TO A TEST CASE IN EXTENT REPORT
00:39:28.140 INFO  pageObjects.LmaWorkFlow -LaunchApplication -WORKFLOW(newTrackerListingProcess) EXECUTION STARTED SUCCESSFULLY
00:39:28.157 INFO  pageObjects.LmaCommonPage -initiateBrowser -METHOD(initiateBrowser) EXECUTION STARTED SUCCESSFULLY
00:39:28.201 ERROR pageObjects.LmaCommonPage -initiateBrowser -The driver executable does not exist: C:\workspace\AutomationPoC\Drivers\chromedriver.exe
00:39:28.201 INFO  pageObjects.LmaCommonPage -initiateBrowser -METHOD(initiateBrowser) EXECUTED SUCCESSFULLY
00:39:28.201 ERROR pageObjects.LmaWorkFlow -LaunchApplication -null
00:39:28.201 INFO  utilities.Report -logTestCaseStatus -INTEND TO LOG TEST CASE STATUS WITH DESCRIPTION IN EXTENT REPORT
00:39:28.201 INFO  accelarators.Base -notEmpty -INTENDED TO CHECK IF THE STRING IS EMPTY
00:39:28.201 INFO  accelarators.Base -notEmpty -STRING IS NOT EMPTY
00:39:28.201 INFO  accelarators.Base -notEmpty -SUCCESSFULLY CHECKED IF THE STRING IS EMPTY
00:39:28.202 INFO  accelarators.Base -notEmpty -INTENDED TO CHECK IF THE STRING IS EMPTY
00:39:28.202 INFO  accelarators.Base -notEmpty -STRING IS NOT EMPTY
00:39:28.202 INFO  accelarators.Base -notEmpty -SUCCESSFULLY CHECKED IF THE STRING IS EMPTY
00:39:28.208 INFO  utilities.Report -logTestCaseStatus -SUCCESSFULY LOGED THE STATUS(FAIL) WITH DESCRIPTION(<font color=red><b>IU Is Not logged in Successfully</b></font><br />null<br />) IN EXTENT REPORT
00:39:28.209 ERROR testScripts.LmaTestCase -AddCounterParty -UNABLE TO INITIATE THE login PROCESS 
null

00:39:28.211 INFO  testScripts.LmaTestCase -afterExecutionOfEachTest -AFTER METHOD EXECUTION STARTED SUCCESSFULLY
00:39:28.212 INFO  accelarators.ActionDriver -screenShot -METHOD(screenShot) EXECUTION STARTED SUCCESSFULLY
00:39:28.212 ERROR testScripts.LmaTestCase -afterExecutionOfEachTest -null
00:39:28.212 INFO  utilities.Report -logTestCaseStatus -INTEND TO LOG TEST CASE STATUS WITH DESCRIPTION IN EXTENT REPORT
00:39:28.212 INFO  accelarators.Base -notEmpty -INTENDED TO CHECK IF THE STRING IS EMPTY
00:39:28.212 INFO  accelarators.Base -notEmpty -STRING IS NOT EMPTY
00:39:28.212 INFO  accelarators.Base -notEmpty -SUCCESSFULLY CHECKED IF THE STRING IS EMPTY
00:39:28.213 INFO  accelarators.Base -notEmpty -INTENDED TO CHECK IF THE STRING IS EMPTY
00:39:28.213 INFO  accelarators.Base -notEmpty -STRING IS NOT EMPTY
00:39:28.213 INFO  accelarators.Base -notEmpty -SUCCESSFULLY CHECKED IF THE STRING IS EMPTY
00:39:28.214 INFO  utilities.Report -logTestCaseStatus -SUCCESSFULY LOGED THE STATUS(FAIL) WITH DESCRIPTION(<font color=red><b>After Method Is Not Successful</b></font><br />null<br />) IN EXTENT REPORT
00:39:28.216 INFO  accelarators.Base -close -Start of Executing AfterClass method name: close() 
00:39:28.216 INFO  accelarators.Base -close -End of Executing after class stuff
00:39:28.216 INFO  accelarators.Base -close -End of Executing AfterClass method name: close() 
00:42:53.052 INFO  accelarators.Base -setup -BEFORE CLASS EXECUTION STARTED SUCCESSFULLY
00:42:53.056 INFO  utilities.ConfigProperties -loadFrom -INTEND TO LOAD USER CONFIGURATION PARAMETERS FROM PROPERTIES FILE
00:42:53.056 INFO  accelarators.Base -notEmpty -INTENDED TO CHECK IF THE STRING IS EMPTY
00:42:53.056 INFO  accelarators.Base -notEmpty -STRING IS NOT EMPTY
00:42:53.056 INFO  accelarators.Base -notEmpty -SUCCESSFULLY CHECKED IF THE STRING IS EMPTY
00:42:53.057 INFO  accelarators.Base -formatGiven -INTENDED TO CHECK IF THE FILE NAME HAS THE FILE EXTENSION
00:42:53.057 INFO  accelarators.Base -formatGiven -FILE FORMAT IS PROVIDED WITH THE FILE NAME(config.properties)
00:42:53.057 INFO  accelarators.Base -formatGiven -SUCCESSFULLY CHECKED IF THE FILE NAME HAS THE FILE EXTENSION
00:42:53.057 INFO  accelarators.Base -getFileFormat -INTENDED TO RETRIEVE THE FORMAT OF THE FILE
00:42:53.057 INFO  accelarators.Base -getFileFormat -SUCCESSFULLY GOT THE FILE FORMAT(.properties) FROM THE FILE NAME(config.properties)

00:42:53.057 INFO  accelarators.Base -getFileFormat -SUCCESSFULLY RETRIEVED THE FORMAT OF THE FILE
00:42:53.057 INFO  accelarators.Base -fileFormatIs -INTENDED TO CHECK IF THE FILE BELONGS TO THE GIVEN FORMAT
00:42:53.057 INFO  accelarators.Base -fileFormatIs -EXPECTED AND ACTUAL FILE FORMATS ARE THE SAME
00:42:53.057 INFO  accelarators.Base -fileFormatIs -SUCCESSFULLY CHECKED IF THE FILE BELONGS TO THE GIVEN FORMAT
00:42:53.058 INFO  accelarators.Base -createFileInstance -INTENDED TO CREATE THE FILE INSTANCE
00:42:53.058 INFO  accelarators.Base -createFileInstance -FILE INSTANCE CREATED
00:42:53.058 INFO  accelarators.Base -createFileInstance -SUCCESSFULLY CREATED THE FILE INSTANCE
00:42:53.058 INFO  accelarators.Base -readFile -INTENDED TO READ THE GIVEN FILE
00:42:53.058 INFO  accelarators.Base -readFile -SUCCESSFULLY READ THE FILE(C:\workspace\AutomationPoC\src\test\resources\config.properties) SPECIFIED
00:42:53.058 INFO  accelarators.Base -readFile -READING THE FILE IS SUCCESSFUL
00:42:53.058 INFO  utilities.ConfigProperties -createPropertiesInstance -INTEND TO CREATE AN INSTANCE OF PROPERTIES
00:42:53.059 INFO  utilities.ConfigProperties -createPropertiesInstance -AN INSTANCE OF PROPERTIES CLASS CREATED
00:42:53.059 INFO  utilities.ConfigProperties -createPropertiesInstance -SUCCESSFULLY CREATED AN INSTANCE OF PROPERTIES
00:42:53.059 INFO  utilities.ConfigProperties -loadProperties -INTEND TO LOAD PROPERTIES
00:42:53.059 INFO  utilities.ConfigProperties -loadProperties -SUCCESSFULLY LOADED THE PROPERTY FILE
00:42:53.059 INFO  utilities.ConfigProperties -loadProperties -SUCCESSFULLY LOADED PROPERTIES
00:42:53.059 INFO  utilities.ConfigProperties -loadFrom -SUCCESSFULLY LOADED USER CONFIGURATION PARAMETERS FROM PROPERTY FILE(config.properties) UNDER THE LOCATION(C:\workspace\AutomationPoC\src\test\resources\)
00:42:53.060 INFO  accelarators.Base -setup -creating folders for screen shots
00:42:53.070 INFO  utilities.Report -initialize -INTEND TO CREATE AN INSTANCE OF EXTENT REPORT WITH NAME AND APPEND STATUS
00:42:53.071 INFO  utilities.Report -initializeHTML -INTEND TO INITIALIZE AN HTML REPORT
00:42:53.071 INFO  accelarators.Base -notEmpty -INTENDED TO CHECK IF THE STRING IS EMPTY
00:42:53.071 INFO  accelarators.Base -notEmpty -STRING IS NOT EMPTY
00:42:53.071 INFO  accelarators.Base -notEmpty -SUCCESSFULLY CHECKED IF THE STRING IS EMPTY
00:42:53.071 INFO  accelarators.Base -formatGiven -INTENDED TO CHECK IF THE FILE NAME HAS THE FILE EXTENSION
00:42:53.071 INFO  accelarators.Base -formatGiven -FILE FORMAT IS PROVIDED WITH THE FILE NAME(LMA_TestExecution_Report.html)
00:42:53.071 INFO  accelarators.Base -formatGiven -SUCCESSFULLY CHECKED IF THE FILE NAME HAS THE FILE EXTENSION
00:42:53.071 INFO  accelarators.Base -getFileFormat -INTENDED TO RETRIEVE THE FORMAT OF THE FILE
00:42:53.072 INFO  accelarators.Base -getFileFormat -SUCCESSFULLY GOT THE FILE FORMAT(.html) FROM THE FILE NAME(LMA_TestExecution_Report.html)

00:42:53.072 INFO  accelarators.Base -getFileFormat -SUCCESSFULLY RETRIEVED THE FORMAT OF THE FILE
00:42:53.072 INFO  accelarators.Base -fileFormatIs -INTENDED TO CHECK IF THE FILE BELONGS TO THE GIVEN FORMAT
00:42:53.072 INFO  accelarators.Base -fileFormatIs -EXPECTED AND ACTUAL FILE FORMATS ARE THE SAME
00:42:53.072 INFO  accelarators.Base -fileFormatIs -SUCCESSFULLY CHECKED IF THE FILE BELONGS TO THE GIVEN FORMAT
00:42:53.072 INFO  utilities.Report -createInstanceOfHTMLReport -INTEND TO CREATE AN INSTANCE OF HTML REPORT WITH NAME
00:42:53.117 INFO  utilities.Report -createInstanceOfHTMLReport -SUCCESSFULLY CREATED AN INSTANCE OF HTML REPORT WITH NAME(LMA_TestExecution_Report.html)
00:42:53.117 INFO  utilities.Report -appendToExistingReport -INTED TO ADD THE CONTENTS TO EXTENT REPORT BASED ON THE APPEND STATUS
00:42:53.117 INFO  utilities.Report -appendToExistingReport -CONTENTS ARE ADDED TO EXTENT REPORT BASED ON THE APPEND STATUS(false)
00:42:53.117 INFO  utilities.Report -setHTMLReportName -INTEND TO SET A NAME FOR THE HTML REPORT 
00:42:53.117 INFO  utilities.Report -setHTMLReportName -HTML REPORT NAME(Test Case Summary) WAS SET SUCCESSFULLY
00:42:53.118 INFO  utilities.Report -setHTMLReportTheme -INTEND TO SET A THEME FOR THE HTML REPORT 
00:42:53.118 INFO  utilities.Report -setHTMLReportTheme -HTML REPORT THEME WAS SET SUCCESSFULLY
00:42:53.118 INFO  utilities.Report -initializeHTML -SUCCESSFULLY INITIALIZED AN HTML REPORT(LMA_TestExecution_Report.html)
00:42:53.118 INFO  utilities.Report -createInstanceOfExtentReport -INTEND TO CREATE AN INSTANCE OF EXTENT REPORT
00:42:53.123 INFO  utilities.Report -createInstanceOfExtentReport -SUCCESSFULLY CREATED AN INSTANCE OF EXTENT REPORT
00:42:53.123 INFO  utilities.Report -attachHTMLReport -INTEND TO ATTACH HTML REPORT TO EXTENT REPORT
00:42:53.192 INFO  utilities.Report -attachHTMLReport -SUCCESSFULLY ATTACHED HTML REPORT TO EXTENT REPORT
00:42:53.192 INFO  utilities.Report -initialize -SUCCESSFULLY CREATED AN INSTANCE OF EXTENT REPORT WITH NAME(LMA_TestExecution_Report.html) AND APPEND STATUS(false)
00:42:53.192 INFO  utilities.Report -recordSystemInfo -INTEND TO ADD SYSTEM INFORMATION IN EXTENT REPORT
00:42:53.193 INFO  utilities.Report -recordSystemInfo -SUCCESSFULLY ADDED SYSTEM INFORMATION(Operating System : Windows 7 - 64 bit) IN EXTENT REPORT
00:42:53.193 INFO  utilities.Report -recordSystemInfo -INTEND TO ADD SYSTEM INFORMATION IN EXTENT REPORT
00:42:53.193 INFO  utilities.Report -recordSystemInfo -SUCCESSFULLY ADDED SYSTEM INFORMATION(Java : Java 1.8) IN EXTENT REPORT
00:42:53.193 INFO  utilities.Report -recordSystemInfo -INTEND TO ADD SYSTEM INFORMATION IN EXTENT REPORT
00:42:53.193 INFO  utilities.Report -recordSystemInfo -SUCCESSFULLY ADDED SYSTEM INFORMATION(Selenium Version : Selenium 3.3.4) IN EXTENT REPORT
00:42:53.193 INFO  accelarators.Base -setup -BEFORE CLASS EXECUTED SUCCESSFULLY
00:42:53.200 INFO  testScripts.LmaTestCase -AddCounterParty -METHOD(AddCounterParty) EXECUTION STARTED SUCCESSFULLY
00:42:53.201 INFO  utilities.Report -makeTestCaseEntry -INTEND TO CREATE AN INSTANCE OF TEST CASE WITH NAME IN EXTENT REPORT
00:42:53.201 INFO  accelarators.Base -notEmpty -INTENDED TO CHECK IF THE STRING IS EMPTY
00:42:53.201 INFO  accelarators.Base -notEmpty -STRING IS NOT EMPTY
00:42:53.201 INFO  accelarators.Base -notEmpty -SUCCESSFULLY CHECKED IF THE STRING IS EMPTY
00:42:53.203 INFO  utilities.Report -makeTestCaseEntry -SUCCESSFULY CREATED AN INSTANCE OF TEST CASE WITH NAME(LMA_POC_Automation) IN EXTENT REPORT
00:42:53.203 INFO  utilities.Report -assignCategoryToTestCase -INTEND TO ASSIGN CATAGORY TO A TEST CASE IN EXTENT REPORT
00:42:53.207 INFO  utilities.Report -assignCategoryToTestCase -SUCCESSFULY ASSIGNED THE CATAGORY(TC1) TO A TEST CASE IN EXTENT REPORT
00:42:53.207 INFO  pageObjects.LmaWorkFlow -LaunchApplication -WORKFLOW(newTrackerListingProcess) EXECUTION STARTED SUCCESSFULLY
00:42:53.224 INFO  pageObjects.LmaCommonPage -initiateBrowser -METHOD(initiateBrowser) EXECUTION STARTED SUCCESSFULLY
00:42:55.851 ERROR pageObjects.LmaCommonPage -initiateBrowser -session not created: This version of ChromeDriver only supports Chrome version 75
Build info: version: '3.13.0', revision: '2f0d292', time: '2018-06-25T15:24:21.231Z'
System info: host: 'LAPTOP-SA79HMC3', ip: '172.28.172.121', os.name: 'Windows 10', os.arch: 'amd64', os.version: '10.0', java.version: '1.8.0_201'
Driver info: driver.version: ChromeDriver
remote stacktrace: Backtrace:
	Ordinal0 [0x00337DF3+1474035]
	Ordinal0 [0x002B07D1+919505]
	Ordinal0 [0x0024CB43+510787]
	Ordinal0 [0x001E1B0F+72463]
	Ordinal0 [0x001DE3F3+58355]
	Ordinal0 [0x00200CE4+199908]
	Ordinal0 [0x0020069D+198301]
	Ordinal0 [0x001FEECB+192203]
	Ordinal0 [0x001E5FF6+90102]
	Ordinal0 [0x001E765A+95834]
	Ordinal0 [0x001E7554+95572]
	GetHandleVerifier [0x0049231C+1249612]
	GetHandleVerifier [0x003E1575+525221]
	GetHandleVerifier [0x003E1310+524608]
	Ordinal0 [0x00345D28+1531176]
	GetHandleVerifier [0x003E1D4A+527226]
	Ordinal0 [0x002C75F6+1013238]
	Ordinal0 [0x002C746F+1012847]
	Ordinal0 [0x002D365B+1062491]
	Ordinal0 [0x002D379F+1062815]
	Ordinal0 [0x002D2745+1058629]
	BaseThreadInitThunk [0x77728494+36]
	RtlAreBitsSet [0x77B041C8+136]
	RtlAreBitsSet [0x77B04198+88]

00:42:55.852 INFO  pageObjects.LmaCommonPage -initiateBrowser -METHOD(initiateBrowser) EXECUTED SUCCESSFULLY
00:42:55.852 ERROR pageObjects.LmaWorkFlow -LaunchApplication -null
00:42:55.852 INFO  utilities.Report -logTestCaseStatus -INTEND TO LOG TEST CASE STATUS WITH DESCRIPTION IN EXTENT REPORT
00:42:55.852 INFO  accelarators.Base -notEmpty -INTENDED TO CHECK IF THE STRING IS EMPTY
00:42:55.853 INFO  accelarators.Base -notEmpty -STRING IS NOT EMPTY
00:42:55.853 INFO  accelarators.Base -notEmpty -SUCCESSFULLY CHECKED IF THE STRING IS EMPTY
00:42:55.853 INFO  accelarators.Base -notEmpty -INTENDED TO CHECK IF THE STRING IS EMPTY
00:42:55.853 INFO  accelarators.Base -notEmpty -STRING IS NOT EMPTY
00:42:55.853 INFO  accelarators.Base -notEmpty -SUCCESSFULLY CHECKED IF THE STRING IS EMPTY
00:42:55.858 INFO  utilities.Report -logTestCaseStatus -SUCCESSFULY LOGED THE STATUS(FAIL) WITH DESCRIPTION(<font color=red><b>IU Is Not logged in Successfully</b></font><br />null<br />) IN EXTENT REPORT
00:42:55.859 ERROR testScripts.LmaTestCase -AddCounterParty -UNABLE TO INITIATE THE login PROCESS 
null

00:42:55.862 INFO  testScripts.LmaTestCase -afterExecutionOfEachTest -AFTER METHOD EXECUTION STARTED SUCCESSFULLY
00:42:55.862 INFO  accelarators.ActionDriver -screenShot -METHOD(screenShot) EXECUTION STARTED SUCCESSFULLY
00:42:55.862 ERROR testScripts.LmaTestCase -afterExecutionOfEachTest -null
00:42:55.862 INFO  utilities.Report -logTestCaseStatus -INTEND TO LOG TEST CASE STATUS WITH DESCRIPTION IN EXTENT REPORT
00:42:55.863 INFO  accelarators.Base -notEmpty -INTENDED TO CHECK IF THE STRING IS EMPTY
00:42:55.863 INFO  accelarators.Base -notEmpty -STRING IS NOT EMPTY
00:42:55.863 INFO  accelarators.Base -notEmpty -SUCCESSFULLY CHECKED IF THE STRING IS EMPTY
00:42:55.863 INFO  accelarators.Base -notEmpty -INTENDED TO CHECK IF THE STRING IS EMPTY
00:42:55.863 INFO  accelarators.Base -notEmpty -STRING IS NOT EMPTY
00:42:55.863 INFO  accelarators.Base -notEmpty -SUCCESSFULLY CHECKED IF THE STRING IS EMPTY
00:42:55.864 INFO  utilities.Report -logTestCaseStatus -SUCCESSFULY LOGED THE STATUS(FAIL) WITH DESCRIPTION(<font color=red><b>After Method Is Not Successful</b></font><br />null<br />) IN EXTENT REPORT
00:42:55.867 INFO  accelarators.Base -close -Start of Executing AfterClass method name: close() 
00:42:55.867 INFO  accelarators.Base -close -End of Executing after class stuff
00:42:55.867 INFO  accelarators.Base -close -End of Executing AfterClass method name: close() 
00:44:10.840 INFO  accelarators.Base -setup -BEFORE CLASS EXECUTION STARTED SUCCESSFULLY
00:44:10.844 INFO  utilities.ConfigProperties -loadFrom -INTEND TO LOAD USER CONFIGURATION PARAMETERS FROM PROPERTIES FILE
00:44:10.844 INFO  accelarators.Base -notEmpty -INTENDED TO CHECK IF THE STRING IS EMPTY
00:44:10.844 INFO  accelarators.Base -notEmpty -STRING IS NOT EMPTY
00:44:10.844 INFO  accelarators.Base -notEmpty -SUCCESSFULLY CHECKED IF THE STRING IS EMPTY
00:44:10.844 INFO  accelarators.Base -formatGiven -INTENDED TO CHECK IF THE FILE NAME HAS THE FILE EXTENSION
00:44:10.845 INFO  accelarators.Base -formatGiven -FILE FORMAT IS PROVIDED WITH THE FILE NAME(config.properties)
00:44:10.845 INFO  accelarators.Base -formatGiven -SUCCESSFULLY CHECKED IF THE FILE NAME HAS THE FILE EXTENSION
00:44:10.845 INFO  accelarators.Base -getFileFormat -INTENDED TO RETRIEVE THE FORMAT OF THE FILE
00:44:10.845 INFO  accelarators.Base -getFileFormat -SUCCESSFULLY GOT THE FILE FORMAT(.properties) FROM THE FILE NAME(config.properties)

00:44:10.845 INFO  accelarators.Base -getFileFormat -SUCCESSFULLY RETRIEVED THE FORMAT OF THE FILE
00:44:10.845 INFO  accelarators.Base -fileFormatIs -INTENDED TO CHECK IF THE FILE BELONGS TO THE GIVEN FORMAT
00:44:10.845 INFO  accelarators.Base -fileFormatIs -EXPECTED AND ACTUAL FILE FORMATS ARE THE SAME
00:44:10.845 INFO  accelarators.Base -fileFormatIs -SUCCESSFULLY CHECKED IF THE FILE BELONGS TO THE GIVEN FORMAT
00:44:10.845 INFO  accelarators.Base -createFileInstance -INTENDED TO CREATE THE FILE INSTANCE
00:44:10.846 INFO  accelarators.Base -createFileInstance -FILE INSTANCE CREATED
00:44:10.846 INFO  accelarators.Base -createFileInstance -SUCCESSFULLY CREATED THE FILE INSTANCE
00:44:10.846 INFO  accelarators.Base -readFile -INTENDED TO READ THE GIVEN FILE
00:44:10.846 INFO  accelarators.Base -readFile -SUCCESSFULLY READ THE FILE(C:\workspace\AutomationPoC\src\test\resources\config.properties) SPECIFIED
00:44:10.846 INFO  accelarators.Base -readFile -READING THE FILE IS SUCCESSFUL
00:44:10.846 INFO  utilities.ConfigProperties -createPropertiesInstance -INTEND TO CREATE AN INSTANCE OF PROPERTIES
00:44:10.846 INFO  utilities.ConfigProperties -createPropertiesInstance -AN INSTANCE OF PROPERTIES CLASS CREATED
00:44:10.847 INFO  utilities.ConfigProperties -createPropertiesInstance -SUCCESSFULLY CREATED AN INSTANCE OF PROPERTIES
00:44:10.847 INFO  utilities.ConfigProperties -loadProperties -INTEND TO LOAD PROPERTIES
00:44:10.847 INFO  utilities.ConfigProperties -loadProperties -SUCCESSFULLY LOADED THE PROPERTY FILE
00:44:10.847 INFO  utilities.ConfigProperties -loadProperties -SUCCESSFULLY LOADED PROPERTIES
00:44:10.847 INFO  utilities.ConfigProperties -loadFrom -SUCCESSFULLY LOADED USER CONFIGURATION PARAMETERS FROM PROPERTY FILE(config.properties) UNDER THE LOCATION(C:\workspace\AutomationPoC\src\test\resources\)
00:44:10.848 INFO  accelarators.Base -setup -creating folders for screen shots
00:44:10.858 INFO  utilities.Report -initialize -INTEND TO CREATE AN INSTANCE OF EXTENT REPORT WITH NAME AND APPEND STATUS
00:44:10.858 INFO  utilities.Report -initializeHTML -INTEND TO INITIALIZE AN HTML REPORT
00:44:10.859 INFO  accelarators.Base -notEmpty -INTENDED TO CHECK IF THE STRING IS EMPTY
00:44:10.859 INFO  accelarators.Base -notEmpty -STRING IS NOT EMPTY
00:44:10.859 INFO  accelarators.Base -notEmpty -SUCCESSFULLY CHECKED IF THE STRING IS EMPTY
00:44:10.859 INFO  accelarators.Base -formatGiven -INTENDED TO CHECK IF THE FILE NAME HAS THE FILE EXTENSION
00:44:10.859 INFO  accelarators.Base -formatGiven -FILE FORMAT IS PROVIDED WITH THE FILE NAME(LMA_TestExecution_Report.html)
00:44:10.859 INFO  accelarators.Base -formatGiven -SUCCESSFULLY CHECKED IF THE FILE NAME HAS THE FILE EXTENSION
00:44:10.859 INFO  accelarators.Base -getFileFormat -INTENDED TO RETRIEVE THE FORMAT OF THE FILE
00:44:10.859 INFO  accelarators.Base -getFileFormat -SUCCESSFULLY GOT THE FILE FORMAT(.html) FROM THE FILE NAME(LMA_TestExecution_Report.html)

00:44:10.859 INFO  accelarators.Base -getFileFormat -SUCCESSFULLY RETRIEVED THE FORMAT OF THE FILE
00:44:10.860 INFO  accelarators.Base -fileFormatIs -INTENDED TO CHECK IF THE FILE BELONGS TO THE GIVEN FORMAT
00:44:10.860 INFO  accelarators.Base -fileFormatIs -EXPECTED AND ACTUAL FILE FORMATS ARE THE SAME
00:44:10.860 INFO  accelarators.Base -fileFormatIs -SUCCESSFULLY CHECKED IF THE FILE BELONGS TO THE GIVEN FORMAT
00:44:10.860 INFO  utilities.Report -createInstanceOfHTMLReport -INTEND TO CREATE AN INSTANCE OF HTML REPORT WITH NAME
00:44:10.904 INFO  utilities.Report -createInstanceOfHTMLReport -SUCCESSFULLY CREATED AN INSTANCE OF HTML REPORT WITH NAME(LMA_TestExecution_Report.html)
00:44:10.904 INFO  utilities.Report -appendToExistingReport -INTED TO ADD THE CONTENTS TO EXTENT REPORT BASED ON THE APPEND STATUS
00:44:10.904 INFO  utilities.Report -appendToExistingReport -CONTENTS ARE ADDED TO EXTENT REPORT BASED ON THE APPEND STATUS(false)
00:44:10.904 INFO  utilities.Report -setHTMLReportName -INTEND TO SET A NAME FOR THE HTML REPORT 
00:44:10.905 INFO  utilities.Report -setHTMLReportName -HTML REPORT NAME(Test Case Summary) WAS SET SUCCESSFULLY
00:44:10.905 INFO  utilities.Report -setHTMLReportTheme -INTEND TO SET A THEME FOR THE HTML REPORT 
00:44:10.905 INFO  utilities.Report -setHTMLReportTheme -HTML REPORT THEME WAS SET SUCCESSFULLY
00:44:10.905 INFO  utilities.Report -initializeHTML -SUCCESSFULLY INITIALIZED AN HTML REPORT(LMA_TestExecution_Report.html)
00:44:10.905 INFO  utilities.Report -createInstanceOfExtentReport -INTEND TO CREATE AN INSTANCE OF EXTENT REPORT
00:44:10.909 INFO  utilities.Report -createInstanceOfExtentReport -SUCCESSFULLY CREATED AN INSTANCE OF EXTENT REPORT
00:44:10.909 INFO  utilities.Report -attachHTMLReport -INTEND TO ATTACH HTML REPORT TO EXTENT REPORT
00:44:10.976 INFO  utilities.Report -attachHTMLReport -SUCCESSFULLY ATTACHED HTML REPORT TO EXTENT REPORT
00:44:10.977 INFO  utilities.Report -initialize -SUCCESSFULLY CREATED AN INSTANCE OF EXTENT REPORT WITH NAME(LMA_TestExecution_Report.html) AND APPEND STATUS(false)
00:44:10.977 INFO  utilities.Report -recordSystemInfo -INTEND TO ADD SYSTEM INFORMATION IN EXTENT REPORT
00:44:10.977 INFO  utilities.Report -recordSystemInfo -SUCCESSFULLY ADDED SYSTEM INFORMATION(Operating System : Windows 7 - 64 bit) IN EXTENT REPORT
00:44:10.977 INFO  utilities.Report -recordSystemInfo -INTEND TO ADD SYSTEM INFORMATION IN EXTENT REPORT
00:44:10.978 INFO  utilities.Report -recordSystemInfo -SUCCESSFULLY ADDED SYSTEM INFORMATION(Java : Java 1.8) IN EXTENT REPORT
00:44:10.978 INFO  utilities.Report -recordSystemInfo -INTEND TO ADD SYSTEM INFORMATION IN EXTENT REPORT
00:44:10.978 INFO  utilities.Report -recordSystemInfo -SUCCESSFULLY ADDED SYSTEM INFORMATION(Selenium Version : Selenium 3.3.4) IN EXTENT REPORT
00:44:10.978 INFO  accelarators.Base -setup -BEFORE CLASS EXECUTED SUCCESSFULLY
00:44:10.985 INFO  testScripts.LmaTestCase -AddCounterParty -METHOD(AddCounterParty) EXECUTION STARTED SUCCESSFULLY
00:44:10.985 INFO  utilities.Report -makeTestCaseEntry -INTEND TO CREATE AN INSTANCE OF TEST CASE WITH NAME IN EXTENT REPORT
00:44:10.985 INFO  accelarators.Base -notEmpty -INTENDED TO CHECK IF THE STRING IS EMPTY
00:44:10.986 INFO  accelarators.Base -notEmpty -STRING IS NOT EMPTY
00:44:10.986 INFO  accelarators.Base -notEmpty -SUCCESSFULLY CHECKED IF THE STRING IS EMPTY
00:44:10.988 INFO  utilities.Report -makeTestCaseEntry -SUCCESSFULY CREATED AN INSTANCE OF TEST CASE WITH NAME(LMA_POC_Automation) IN EXTENT REPORT
00:44:10.988 INFO  utilities.Report -assignCategoryToTestCase -INTEND TO ASSIGN CATAGORY TO A TEST CASE IN EXTENT REPORT
00:44:10.992 INFO  utilities.Report -assignCategoryToTestCase -SUCCESSFULY ASSIGNED THE CATAGORY(TC1) TO A TEST CASE IN EXTENT REPORT
00:44:10.992 INFO  pageObjects.LmaWorkFlow -LaunchApplication -WORKFLOW(newTrackerListingProcess) EXECUTION STARTED SUCCESSFULLY
00:44:11.010 INFO  pageObjects.LmaCommonPage -initiateBrowser -METHOD(initiateBrowser) EXECUTION STARTED SUCCESSFULLY
00:44:13.437 ERROR pageObjects.LmaCommonPage -initiateBrowser -session not created: This version of ChromeDriver only supports Chrome version 75
Build info: version: '3.13.0', revision: '2f0d292', time: '2018-06-25T15:24:21.231Z'
System info: host: 'LAPTOP-SA79HMC3', ip: '172.28.172.121', os.name: 'Windows 10', os.arch: 'amd64', os.version: '10.0', java.version: '1.8.0_201'
Driver info: driver.version: ChromeDriver
remote stacktrace: Backtrace:
	Ordinal0 [0x00337DF3+1474035]
	Ordinal0 [0x002B07D1+919505]
	Ordinal0 [0x0024CB43+510787]
	Ordinal0 [0x001E1B0F+72463]
	Ordinal0 [0x001DE3F3+58355]
	Ordinal0 [0x00200CE4+199908]
	Ordinal0 [0x0020069D+198301]
	Ordinal0 [0x001FEECB+192203]
	Ordinal0 [0x001E5FF6+90102]
	Ordinal0 [0x001E765A+95834]
	Ordinal0 [0x001E7554+95572]
	GetHandleVerifier [0x0049231C+1249612]
	GetHandleVerifier [0x003E1575+525221]
	GetHandleVerifier [0x003E1310+524608]
	Ordinal0 [0x00345D28+1531176]
	GetHandleVerifier [0x003E1D4A+527226]
	Ordinal0 [0x002C75F6+1013238]
	Ordinal0 [0x002C746F+1012847]
	Ordinal0 [0x002D365B+1062491]
	Ordinal0 [0x002D379F+1062815]
	Ordinal0 [0x002D2745+1058629]
	BaseThreadInitThunk [0x77728494+36]
	RtlAreBitsSet [0x77B041C8+136]
	RtlAreBitsSet [0x77B04198+88]

00:44:13.437 INFO  pageObjects.LmaCommonPage -initiateBrowser -METHOD(initiateBrowser) EXECUTED SUCCESSFULLY
00:44:13.437 ERROR pageObjects.LmaWorkFlow -LaunchApplication -null
00:44:13.438 INFO  utilities.Report -logTestCaseStatus -INTEND TO LOG TEST CASE STATUS WITH DESCRIPTION IN EXTENT REPORT
00:44:13.438 INFO  accelarators.Base -notEmpty -INTENDED TO CHECK IF THE STRING IS EMPTY
00:44:13.438 INFO  accelarators.Base -notEmpty -STRING IS NOT EMPTY
00:44:13.438 INFO  accelarators.Base -notEmpty -SUCCESSFULLY CHECKED IF THE STRING IS EMPTY
00:44:13.438 INFO  accelarators.Base -notEmpty -INTENDED TO CHECK IF THE STRING IS EMPTY
00:44:13.438 INFO  accelarators.Base -notEmpty -STRING IS NOT EMPTY
00:44:13.438 INFO  accelarators.Base -notEmpty -SUCCESSFULLY CHECKED IF THE STRING IS EMPTY
00:44:13.443 INFO  utilities.Report -logTestCaseStatus -SUCCESSFULY LOGED THE STATUS(FAIL) WITH DESCRIPTION(<font color=red><b>IU Is Not logged in Successfully</b></font><br />null<br />) IN EXTENT REPORT
00:44:13.443 ERROR testScripts.LmaTestCase -AddCounterParty -UNABLE TO INITIATE THE login PROCESS 
null

00:44:13.446 INFO  testScripts.LmaTestCase -afterExecutionOfEachTest -AFTER METHOD EXECUTION STARTED SUCCESSFULLY
00:44:13.447 INFO  accelarators.ActionDriver -screenShot -METHOD(screenShot) EXECUTION STARTED SUCCESSFULLY
00:44:13.447 ERROR testScripts.LmaTestCase -afterExecutionOfEachTest -null
00:44:13.447 INFO  utilities.Report -logTestCaseStatus -INTEND TO LOG TEST CASE STATUS WITH DESCRIPTION IN EXTENT REPORT
00:44:13.447 INFO  accelarators.Base -notEmpty -INTENDED TO CHECK IF THE STRING IS EMPTY
00:44:13.448 INFO  accelarators.Base -notEmpty -STRING IS NOT EMPTY
00:44:13.448 INFO  accelarators.Base -notEmpty -SUCCESSFULLY CHECKED IF THE STRING IS EMPTY
00:44:13.448 INFO  accelarators.Base -notEmpty -INTENDED TO CHECK IF THE STRING IS EMPTY
00:44:13.448 INFO  accelarators.Base -notEmpty -STRING IS NOT EMPTY
00:44:13.448 INFO  accelarators.Base -notEmpty -SUCCESSFULLY CHECKED IF THE STRING IS EMPTY
00:44:13.450 INFO  utilities.Report -logTestCaseStatus -SUCCESSFULY LOGED THE STATUS(FAIL) WITH DESCRIPTION(<font color=red><b>After Method Is Not Successful</b></font><br />null<br />) IN EXTENT REPORT
00:44:13.452 INFO  accelarators.Base -close -Start of Executing AfterClass method name: close() 
00:44:13.452 INFO  accelarators.Base -close -End of Executing after class stuff
00:44:13.452 INFO  accelarators.Base -close -End of Executing AfterClass method name: close() 
01:03:59.186 INFO  accelarators.Base -setup -BEFORE CLASS EXECUTION STARTED SUCCESSFULLY
01:03:59.190 INFO  utilities.ConfigProperties -loadFrom -INTEND TO LOAD USER CONFIGURATION PARAMETERS FROM PROPERTIES FILE
01:03:59.190 INFO  accelarators.Base -notEmpty -INTENDED TO CHECK IF THE STRING IS EMPTY
01:03:59.190 INFO  accelarators.Base -notEmpty -STRING IS NOT EMPTY
01:03:59.190 INFO  accelarators.Base -notEmpty -SUCCESSFULLY CHECKED IF THE STRING IS EMPTY
01:03:59.191 INFO  accelarators.Base -formatGiven -INTENDED TO CHECK IF THE FILE NAME HAS THE FILE EXTENSION
01:03:59.191 INFO  accelarators.Base -formatGiven -FILE FORMAT IS PROVIDED WITH THE FILE NAME(config.properties)
01:03:59.191 INFO  accelarators.Base -formatGiven -SUCCESSFULLY CHECKED IF THE FILE NAME HAS THE FILE EXTENSION
01:03:59.191 INFO  accelarators.Base -getFileFormat -INTENDED TO RETRIEVE THE FORMAT OF THE FILE
01:03:59.191 INFO  accelarators.Base -getFileFormat -SUCCESSFULLY GOT THE FILE FORMAT(.properties) FROM THE FILE NAME(config.properties)

01:03:59.191 INFO  accelarators.Base -getFileFormat -SUCCESSFULLY RETRIEVED THE FORMAT OF THE FILE
01:03:59.191 INFO  accelarators.Base -fileFormatIs -INTENDED TO CHECK IF THE FILE BELONGS TO THE GIVEN FORMAT
01:03:59.191 INFO  accelarators.Base -fileFormatIs -EXPECTED AND ACTUAL FILE FORMATS ARE THE SAME
01:03:59.191 INFO  accelarators.Base -fileFormatIs -SUCCESSFULLY CHECKED IF THE FILE BELONGS TO THE GIVEN FORMAT
01:03:59.192 INFO  accelarators.Base -createFileInstance -INTENDED TO CREATE THE FILE INSTANCE
01:03:59.192 INFO  accelarators.Base -createFileInstance -FILE INSTANCE CREATED
01:03:59.192 INFO  accelarators.Base -createFileInstance -SUCCESSFULLY CREATED THE FILE INSTANCE
01:03:59.192 INFO  accelarators.Base -readFile -INTENDED TO READ THE GIVEN FILE
01:03:59.192 INFO  accelarators.Base -readFile -SUCCESSFULLY READ THE FILE(C:\workspace\AutomationPoC\src\test\resources\config.properties) SPECIFIED
01:03:59.192 INFO  accelarators.Base -readFile -READING THE FILE IS SUCCESSFUL
01:03:59.192 INFO  utilities.ConfigProperties -createPropertiesInstance -INTEND TO CREATE AN INSTANCE OF PROPERTIES
01:03:59.193 INFO  utilities.ConfigProperties -createPropertiesInstance -AN INSTANCE OF PROPERTIES CLASS CREATED
01:03:59.193 INFO  utilities.ConfigProperties -createPropertiesInstance -SUCCESSFULLY CREATED AN INSTANCE OF PROPERTIES
01:03:59.193 INFO  utilities.ConfigProperties -loadProperties -INTEND TO LOAD PROPERTIES
01:03:59.193 INFO  utilities.ConfigProperties -loadProperties -SUCCESSFULLY LOADED THE PROPERTY FILE
01:03:59.193 INFO  utilities.ConfigProperties -loadProperties -SUCCESSFULLY LOADED PROPERTIES
01:03:59.193 INFO  utilities.ConfigProperties -loadFrom -SUCCESSFULLY LOADED USER CONFIGURATION PARAMETERS FROM PROPERTY FILE(config.properties) UNDER THE LOCATION(C:\workspace\AutomationPoC\src\test\resources\)
01:03:59.194 INFO  accelarators.Base -setup -creating folders for screen shots
01:03:59.204 INFO  utilities.Report -initialize -INTEND TO CREATE AN INSTANCE OF EXTENT REPORT WITH NAME AND APPEND STATUS
01:03:59.204 INFO  utilities.Report -initializeHTML -INTEND TO INITIALIZE AN HTML REPORT
01:03:59.204 INFO  accelarators.Base -notEmpty -INTENDED TO CHECK IF THE STRING IS EMPTY
01:03:59.205 INFO  accelarators.Base -notEmpty -STRING IS NOT EMPTY
01:03:59.205 INFO  accelarators.Base -notEmpty -SUCCESSFULLY CHECKED IF THE STRING IS EMPTY
01:03:59.205 INFO  accelarators.Base -formatGiven -INTENDED TO CHECK IF THE FILE NAME HAS THE FILE EXTENSION
01:03:59.205 INFO  accelarators.Base -formatGiven -FILE FORMAT IS PROVIDED WITH THE FILE NAME(LMA_TestExecution_Report.html)
01:03:59.205 INFO  accelarators.Base -formatGiven -SUCCESSFULLY CHECKED IF THE FILE NAME HAS THE FILE EXTENSION
01:03:59.205 INFO  accelarators.Base -getFileFormat -INTENDED TO RETRIEVE THE FORMAT OF THE FILE
01:03:59.205 INFO  accelarators.Base -getFileFormat -SUCCESSFULLY GOT THE FILE FORMAT(.html) FROM THE FILE NAME(LMA_TestExecution_Report.html)

01:03:59.205 INFO  accelarators.Base -getFileFormat -SUCCESSFULLY RETRIEVED THE FORMAT OF THE FILE
01:03:59.206 INFO  accelarators.Base -fileFormatIs -INTENDED TO CHECK IF THE FILE BELONGS TO THE GIVEN FORMAT
01:03:59.206 INFO  accelarators.Base -fileFormatIs -EXPECTED AND ACTUAL FILE FORMATS ARE THE SAME
01:03:59.206 INFO  accelarators.Base -fileFormatIs -SUCCESSFULLY CHECKED IF THE FILE BELONGS TO THE GIVEN FORMAT
01:03:59.206 INFO  utilities.Report -createInstanceOfHTMLReport -INTEND TO CREATE AN INSTANCE OF HTML REPORT WITH NAME
01:03:59.250 INFO  utilities.Report -createInstanceOfHTMLReport -SUCCESSFULLY CREATED AN INSTANCE OF HTML REPORT WITH NAME(LMA_TestExecution_Report.html)
01:03:59.251 INFO  utilities.Report -appendToExistingReport -INTED TO ADD THE CONTENTS TO EXTENT REPORT BASED ON THE APPEND STATUS
01:03:59.251 INFO  utilities.Report -appendToExistingReport -CONTENTS ARE ADDED TO EXTENT REPORT BASED ON THE APPEND STATUS(false)
01:03:59.251 INFO  utilities.Report -setHTMLReportName -INTEND TO SET A NAME FOR THE HTML REPORT 
01:03:59.251 INFO  utilities.Report -setHTMLReportName -HTML REPORT NAME(Test Case Summary) WAS SET SUCCESSFULLY
01:03:59.252 INFO  utilities.Report -setHTMLReportTheme -INTEND TO SET A THEME FOR THE HTML REPORT 
01:03:59.252 INFO  utilities.Report -setHTMLReportTheme -HTML REPORT THEME WAS SET SUCCESSFULLY
01:03:59.252 INFO  utilities.Report -initializeHTML -SUCCESSFULLY INITIALIZED AN HTML REPORT(LMA_TestExecution_Report.html)
01:03:59.252 INFO  utilities.Report -createInstanceOfExtentReport -INTEND TO CREATE AN INSTANCE OF EXTENT REPORT
01:03:59.256 INFO  utilities.Report -createInstanceOfExtentReport -SUCCESSFULLY CREATED AN INSTANCE OF EXTENT REPORT
01:03:59.256 INFO  utilities.Report -attachHTMLReport -INTEND TO ATTACH HTML REPORT TO EXTENT REPORT
01:03:59.331 INFO  utilities.Report -attachHTMLReport -SUCCESSFULLY ATTACHED HTML REPORT TO EXTENT REPORT
01:03:59.332 INFO  utilities.Report -initialize -SUCCESSFULLY CREATED AN INSTANCE OF EXTENT REPORT WITH NAME(LMA_TestExecution_Report.html) AND APPEND STATUS(false)
01:03:59.332 INFO  utilities.Report -recordSystemInfo -INTEND TO ADD SYSTEM INFORMATION IN EXTENT REPORT
01:03:59.332 INFO  utilities.Report -recordSystemInfo -SUCCESSFULLY ADDED SYSTEM INFORMATION(Operating System : Windows 7 - 64 bit) IN EXTENT REPORT
01:03:59.332 INFO  utilities.Report -recordSystemInfo -INTEND TO ADD SYSTEM INFORMATION IN EXTENT REPORT
01:03:59.332 INFO  utilities.Report -recordSystemInfo -SUCCESSFULLY ADDED SYSTEM INFORMATION(Java : Java 1.8) IN EXTENT REPORT
01:03:59.333 INFO  utilities.Report -recordSystemInfo -INTEND TO ADD SYSTEM INFORMATION IN EXTENT REPORT
01:03:59.333 INFO  utilities.Report -recordSystemInfo -SUCCESSFULLY ADDED SYSTEM INFORMATION(Selenium Version : Selenium 3.3.4) IN EXTENT REPORT
01:03:59.333 INFO  accelarators.Base -setup -BEFORE CLASS EXECUTED SUCCESSFULLY
01:03:59.340 INFO  testScripts.LmaTestCase -AddCounterParty -METHOD(AddCounterParty) EXECUTION STARTED SUCCESSFULLY
01:03:59.340 INFO  utilities.Report -makeTestCaseEntry -INTEND TO CREATE AN INSTANCE OF TEST CASE WITH NAME IN EXTENT REPORT
01:03:59.341 INFO  accelarators.Base -notEmpty -INTENDED TO CHECK IF THE STRING IS EMPTY
01:03:59.341 INFO  accelarators.Base -notEmpty -STRING IS NOT EMPTY
01:03:59.341 INFO  accelarators.Base -notEmpty -SUCCESSFULLY CHECKED IF THE STRING IS EMPTY
01:03:59.343 INFO  utilities.Report -makeTestCaseEntry -SUCCESSFULY CREATED AN INSTANCE OF TEST CASE WITH NAME(LMA_POC_Automation) IN EXTENT REPORT
01:03:59.343 INFO  utilities.Report -assignCategoryToTestCase -INTEND TO ASSIGN CATAGORY TO A TEST CASE IN EXTENT REPORT
01:03:59.347 INFO  utilities.Report -assignCategoryToTestCase -SUCCESSFULY ASSIGNED THE CATAGORY(TC1) TO A TEST CASE IN EXTENT REPORT
01:03:59.347 INFO  pageObjects.LmaWorkFlow -LaunchApplication -WORKFLOW(newTrackerListingProcess) EXECUTION STARTED SUCCESSFULLY
01:03:59.374 INFO  pageObjects.LmaCommonPage -initiateBrowser -METHOD(initiateBrowser) EXECUTION STARTED SUCCESSFULLY
01:04:01.694 ERROR pageObjects.LmaCommonPage -initiateBrowser -session not created: This version of ChromeDriver only supports Chrome version 75
Build info: version: '3.13.0', revision: '2f0d292', time: '2018-06-25T15:24:21.231Z'
System info: host: 'LAPTOP-SA79HMC3', ip: '172.28.172.121', os.name: 'Windows 10', os.arch: 'amd64', os.version: '10.0', java.version: '1.8.0_201'
Driver info: driver.version: ChromeDriver
remote stacktrace: Backtrace:
	Ordinal0 [0x00337DF3+1474035]
	Ordinal0 [0x002B07D1+919505]
	Ordinal0 [0x0024CB43+510787]
	Ordinal0 [0x001E1B0F+72463]
	Ordinal0 [0x001DE3F3+58355]
	Ordinal0 [0x00200CE4+199908]
	Ordinal0 [0x0020069D+198301]
	Ordinal0 [0x001FEECB+192203]
	Ordinal0 [0x001E5FF6+90102]
	Ordinal0 [0x001E765A+95834]
	Ordinal0 [0x001E7554+95572]
	GetHandleVerifier [0x0049231C+1249612]
	GetHandleVerifier [0x003E1575+525221]
	GetHandleVerifier [0x003E1310+524608]
	Ordinal0 [0x00345D28+1531176]
	GetHandleVerifier [0x003E1D4A+527226]
	Ordinal0 [0x002C75F6+1013238]
	Ordinal0 [0x002C746F+1012847]
	Ordinal0 [0x002D365B+1062491]
	Ordinal0 [0x002D379F+1062815]
	Ordinal0 [0x002D2745+1058629]
	BaseThreadInitThunk [0x77728494+36]
	RtlAreBitsSet [0x77B041C8+136]
	RtlAreBitsSet [0x77B04198+88]

01:04:01.694 INFO  pageObjects.LmaCommonPage -initiateBrowser -METHOD(initiateBrowser) EXECUTED SUCCESSFULLY
01:04:01.694 ERROR pageObjects.LmaWorkFlow -LaunchApplication -null
01:04:01.694 INFO  utilities.Report -logTestCaseStatus -INTEND TO LOG TEST CASE STATUS WITH DESCRIPTION IN EXTENT REPORT
01:04:01.694 INFO  accelarators.Base -notEmpty -INTENDED TO CHECK IF THE STRING IS EMPTY
01:04:01.695 INFO  accelarators.Base -notEmpty -STRING IS NOT EMPTY
01:04:01.695 INFO  accelarators.Base -notEmpty -SUCCESSFULLY CHECKED IF THE STRING IS EMPTY
01:04:01.695 INFO  accelarators.Base -notEmpty -INTENDED TO CHECK IF THE STRING IS EMPTY
01:04:01.695 INFO  accelarators.Base -notEmpty -STRING IS NOT EMPTY
01:04:01.695 INFO  accelarators.Base -notEmpty -SUCCESSFULLY CHECKED IF THE STRING IS EMPTY
01:04:01.699 INFO  utilities.Report -logTestCaseStatus -SUCCESSFULY LOGED THE STATUS(FAIL) WITH DESCRIPTION(<font color=red><b>IU Is Not logged in Successfully</b></font><br />null<br />) IN EXTENT REPORT
01:04:01.699 ERROR testScripts.LmaTestCase -AddCounterParty -UNABLE TO INITIATE THE login PROCESS 
null

01:04:01.702 INFO  testScripts.LmaTestCase -afterExecutionOfEachTest -AFTER METHOD EXECUTION STARTED SUCCESSFULLY
01:04:01.703 INFO  accelarators.ActionDriver -screenShot -METHOD(screenShot) EXECUTION STARTED SUCCESSFULLY
01:04:01.703 ERROR testScripts.LmaTestCase -afterExecutionOfEachTest -null
01:04:01.703 INFO  utilities.Report -logTestCaseStatus -INTEND TO LOG TEST CASE STATUS WITH DESCRIPTION IN EXTENT REPORT
01:04:01.703 INFO  accelarators.Base -notEmpty -INTENDED TO CHECK IF THE STRING IS EMPTY
01:04:01.704 INFO  accelarators.Base -notEmpty -STRING IS NOT EMPTY
01:04:01.704 INFO  accelarators.Base -notEmpty -SUCCESSFULLY CHECKED IF THE STRING IS EMPTY
01:04:01.704 INFO  accelarators.Base -notEmpty -INTENDED TO CHECK IF THE STRING IS EMPTY
01:04:01.704 INFO  accelarators.Base -notEmpty -STRING IS NOT EMPTY
01:04:01.704 INFO  accelarators.Base -notEmpty -SUCCESSFULLY CHECKED IF THE STRING IS EMPTY
01:04:01.705 INFO  utilities.Report -logTestCaseStatus -SUCCESSFULY LOGED THE STATUS(FAIL) WITH DESCRIPTION(<font color=red><b>After Method Is Not Successful</b></font><br />null<br />) IN EXTENT REPORT
01:04:01.708 INFO  accelarators.Base -close -Start of Executing AfterClass method name: close() 
01:04:01.708 INFO  accelarators.Base -close -End of Executing after class stuff
01:04:01.708 INFO  accelarators.Base -close -End of Executing AfterClass method name: close() 
